<?xml version="1.0" encoding="UTF-8"?>
<!-- Generated by org.testng.reporters.JUnitXMLReporter -->
<testsuite ignored="0" hostname="LAPTOP-40EPTFGM" failures="0" tests="5" name="Test" time="201.978" errors="0" timestamp="2021-08-08T15:42:03 IST">
  <testcase classname="Academy.E2EProject.HomePage" name="basePageNav" time="31.257"/>
  <testcase classname="Academy.E2EProject.HomePage" name="basePageNav" time="48.498"/>
  <testcase classname="Academy.E2EProject.validatePageTitle" name="valSectitle" time="0.115"/>
  <testcase classname="Academy.E2EProject.validatePageTitle" name="valNavBar" time="0.111"/>
  <testcase classname="Academy.E2EProject.validateTopNavBar" name="valTopNavBar" time="0.106"/>
</testsuite> <!-- Test -->
