<?xml version="1.0" encoding="UTF-8"?>
<!-- Generated by org.testng.reporters.JUnitXMLReporter -->
<testsuite hostname="LAPTOP-40EPTFGM" ignored="0" name="Test" tests="4" failures="0" timestamp="2021-08-08T22:24:17 IST" time="30.649" errors="0">
  <testcase name="basePageNav" time="7.971" classname="Academy.E2EProject.HomePage"/>
  <testcase name="basePageNav" time="2.348" classname="Academy.E2EProject.HomePage"/>
  <testcase name="valSectitle" time="0.037" classname="Academy.E2EProject.validatePageTitle"/>
  <testcase name="valTopNavBar" time="0.173" classname="Academy.E2EProject.validateTopNavBar"/>
</testsuite> <!-- Test -->
