<?xml version="1.0" encoding="UTF-8"?>
<testng-results skipped="4" failed="0" ignored="0" total="4" passed="0">
  <reporter-output>
  </reporter-output>
  <suite name="Suite" duration-ms="4998" started-at="2021-10-16T16:17:17 IST" finished-at="2021-10-16T16:17:22 IST">
    <groups>
    </groups>
    <test name="validate top Nav bar" duration-ms="4946" started-at="2021-10-16T16:17:17 IST" finished-at="2021-10-16T16:17:22 IST">
      <class name="Academy.E2EProject.validateTopNavBar">
        <test-method status="FAIL" signature="initializeBrowser()[pri:0, instance:Academy.E2EProject.validateTopNavBar@1fa268de]" name="initializeBrowser" is-config="true" duration-ms="4887" started-at="2021-10-16T16:17:17 IST" finished-at="2021-10-16T16:17:22 IST">
          <exception class="org.openqa.selenium.SessionNotCreatedException">
            <message>
              <![CDATA[session not created: This version of ChromeDriver only supports Chrome version 92
Current browser version is 94.0.4606.71 with binary path C:\Program Files\Google\Chrome\Application\chrome.exe
Build info: version: '3.141.59', revision: 'e82be7d358', time: '2018-11-14T08:17:03'
System info: host: 'LAPTOP-40EPTFGM', ip: '192.168.0.106', os.name: 'Windows 10', os.arch: 'amd64', os.version: '10.0', java.version: '1.8.0_281'
Driver info: driver.version: ChromeDriver
remote stacktrace: Backtrace:
Ordinal0 [0x00BB5843+2512963]
Ordinal0 [0x00B4EED1+2092753]
Ordinal0 [0x00A51F48+1056584]
Ordinal0 [0x00A701AA+1180074]
Ordinal0 [0x00A6C0C5+1163461]
Ordinal0 [0x00A6990F+1153295]
Ordinal0 [0x00A9994F+1349967]
Ordinal0 [0x00A995BA+1349050]
Ordinal0 [0x00A954BB+1332411]
Ordinal0 [0x00A71D14+1187092]
Ordinal0 [0x00A72B79+1190777]
GetHandleVerifier [0x00D30C56+1501718]
GetHandleVerifier [0x00DDE97F+2213695]
GetHandleVerifier [0x00C38C92+485970]
GetHandleVerifier [0x00C37D59+482073]
Ordinal0 [0x00B5471D+2115357]
Ordinal0 [0x00B58678+2131576]
Ordinal0 [0x00B587B2+2131890]
Ordinal0 [0x00B61971+2169201]
BaseThreadInitThunk [0x76FEFA29+25]
RtlGetAppContainerNamedObjectPath [0x777B7A9E+286]
RtlGetAppContainerNamedObjectPath [0x777B7A6E+238]
]]>
            </message>
            <full-stacktrace>
              <![CDATA[org.openqa.selenium.SessionNotCreatedException: session not created: This version of ChromeDriver only supports Chrome version 92
Current browser version is 94.0.4606.71 with binary path C:\Program Files\Google\Chrome\Application\chrome.exe
Build info: version: '3.141.59', revision: 'e82be7d358', time: '2018-11-14T08:17:03'
System info: host: 'LAPTOP-40EPTFGM', ip: '192.168.0.106', os.name: 'Windows 10', os.arch: 'amd64', os.version: '10.0', java.version: '1.8.0_281'
Driver info: driver.version: ChromeDriver
remote stacktrace: Backtrace:
Ordinal0 [0x00BB5843+2512963]
Ordinal0 [0x00B4EED1+2092753]
Ordinal0 [0x00A51F48+1056584]
Ordinal0 [0x00A701AA+1180074]
Ordinal0 [0x00A6C0C5+1163461]
Ordinal0 [0x00A6990F+1153295]
Ordinal0 [0x00A9994F+1349967]
Ordinal0 [0x00A995BA+1349050]
Ordinal0 [0x00A954BB+1332411]
Ordinal0 [0x00A71D14+1187092]
Ordinal0 [0x00A72B79+1190777]
GetHandleVerifier [0x00D30C56+1501718]
GetHandleVerifier [0x00DDE97F+2213695]
GetHandleVerifier [0x00C38C92+485970]
GetHandleVerifier [0x00C37D59+482073]
Ordinal0 [0x00B5471D+2115357]
Ordinal0 [0x00B58678+2131576]
Ordinal0 [0x00B587B2+2131890]
Ordinal0 [0x00B61971+2169201]
BaseThreadInitThunk [0x76FEFA29+25]
RtlGetAppContainerNamedObjectPath [0x777B7A9E+286]
RtlGetAppContainerNamedObjectPath [0x777B7A6E+238]

at sun.reflect.NativeConstructorAccessorImpl.newInstance0(Native Method)
at sun.reflect.NativeConstructorAccessorImpl.newInstance(NativeConstructorAccessorImpl.java:62)
at sun.reflect.DelegatingConstructorAccessorImpl.newInstance(DelegatingConstructorAccessorImpl.java:45)
at java.lang.reflect.Constructor.newInstance(Constructor.java:423)
at org.openqa.selenium.remote.W3CHandshakeResponse.lambda$errorHandler$0(W3CHandshakeResponse.java:62)
at org.openqa.selenium.remote.HandshakeResponse.lambda$getResponseFunction$0(HandshakeResponse.java:30)
at org.openqa.selenium.remote.ProtocolHandshake.lambda$createSession$0(ProtocolHandshake.java:126)
at java.util.stream.ReferencePipeline$3$1.accept(ReferencePipeline.java:193)
at java.util.Spliterators$ArraySpliterator.tryAdvance(Spliterators.java:958)
at java.util.stream.ReferencePipeline.forEachWithCancel(ReferencePipeline.java:126)
at java.util.stream.AbstractPipeline.copyIntoWithCancel(AbstractPipeline.java:499)
at java.util.stream.AbstractPipeline.copyInto(AbstractPipeline.java:486)
at java.util.stream.AbstractPipeline.wrapAndCopyInto(AbstractPipeline.java:472)
at java.util.stream.FindOps$FindOp.evaluateSequential(FindOps.java:152)
at java.util.stream.AbstractPipeline.evaluate(AbstractPipeline.java:234)
at java.util.stream.ReferencePipeline.findFirst(ReferencePipeline.java:464)
at org.openqa.selenium.remote.ProtocolHandshake.createSession(ProtocolHandshake.java:128)
at org.openqa.selenium.remote.ProtocolHandshake.createSession(ProtocolHandshake.java:74)
at org.openqa.selenium.remote.HttpCommandExecutor.execute(HttpCommandExecutor.java:136)
at org.openqa.selenium.remote.service.DriverCommandExecutor.execute(DriverCommandExecutor.java:83)
at org.openqa.selenium.remote.RemoteWebDriver.execute(RemoteWebDriver.java:552)
at org.openqa.selenium.remote.RemoteWebDriver.startSession(RemoteWebDriver.java:213)
at org.openqa.selenium.remote.RemoteWebDriver.<init>(RemoteWebDriver.java:131)
at org.openqa.selenium.chrome.ChromeDriver.<init>(ChromeDriver.java:181)
at org.openqa.selenium.chrome.ChromeDriver.<init>(ChromeDriver.java:168)
at org.openqa.selenium.chrome.ChromeDriver.<init>(ChromeDriver.java:123)
at resources.Base.initializeDriver(Base.java:32)
at Academy.E2EProject.validateTopNavBar.initializeBrowser(validateTopNavBar.java:27)
at sun.reflect.NativeMethodAccessorImpl.invoke0(Native Method)
at sun.reflect.NativeMethodAccessorImpl.invoke(NativeMethodAccessorImpl.java:62)
at sun.reflect.DelegatingMethodAccessorImpl.invoke(DelegatingMethodAccessorImpl.java:43)
at java.lang.reflect.Method.invoke(Method.java:498)
at org.testng.internal.MethodInvocationHelper.invokeMethod(MethodInvocationHelper.java:133)
at org.testng.internal.MethodInvocationHelper.invokeMethodConsideringTimeout(MethodInvocationHelper.java:62)
at org.testng.internal.ConfigInvoker.invokeConfigurationMethod(ConfigInvoker.java:385)
at org.testng.internal.ConfigInvoker.invokeConfigurations(ConfigInvoker.java:321)
at org.testng.TestRunner.invokeTestConfigurations(TestRunner.java:637)
at org.testng.TestRunner.beforeRun(TestRunner.java:627)
at org.testng.TestRunner.run(TestRunner.java:589)
at org.testng.SuiteRunner.runTest(SuiteRunner.java:377)
at org.testng.SuiteRunner.access$000(SuiteRunner.java:28)
at org.testng.SuiteRunner$SuiteWorker.run(SuiteRunner.java:418)
at org.testng.internal.thread.ThreadUtil.lambda$execute$0(ThreadUtil.java:64)
at java.util.concurrent.FutureTask.run(FutureTask.java:266)
at java.util.concurrent.ThreadPoolExecutor.runWorker(ThreadPoolExecutor.java:1149)
at java.util.concurrent.ThreadPoolExecutor$Worker.run(ThreadPoolExecutor.java:624)
at java.lang.Thread.run(Thread.java:748)
]]>
            </full-stacktrace>
          </exception> <!-- org.openqa.selenium.SessionNotCreatedException -->
          <reporter-output>
          </reporter-output>
        </test-method> <!-- initializeBrowser -->
        <test-method status="SKIP" signature="valTopNavBar()[pri:0, instance:Academy.E2EProject.validateTopNavBar@1fa268de]" name="valTopNavBar" duration-ms="0" started-at="2021-10-16T16:17:22 IST" finished-at="2021-10-16T16:17:22 IST">
          <exception class="org.openqa.selenium.SessionNotCreatedException">
            <message>
              <![CDATA[session not created: This version of ChromeDriver only supports Chrome version 92
Current browser version is 94.0.4606.71 with binary path C:\Program Files\Google\Chrome\Application\chrome.exe
Build info: version: '3.141.59', revision: 'e82be7d358', time: '2018-11-14T08:17:03'
System info: host: 'LAPTOP-40EPTFGM', ip: '192.168.0.106', os.name: 'Windows 10', os.arch: 'amd64', os.version: '10.0', java.version: '1.8.0_281'
Driver info: driver.version: ChromeDriver
remote stacktrace: Backtrace:
Ordinal0 [0x00BB5843+2512963]
Ordinal0 [0x00B4EED1+2092753]
Ordinal0 [0x00A51F48+1056584]
Ordinal0 [0x00A701AA+1180074]
Ordinal0 [0x00A6C0C5+1163461]
Ordinal0 [0x00A6990F+1153295]
Ordinal0 [0x00A9994F+1349967]
Ordinal0 [0x00A995BA+1349050]
Ordinal0 [0x00A954BB+1332411]
Ordinal0 [0x00A71D14+1187092]
Ordinal0 [0x00A72B79+1190777]
GetHandleVerifier [0x00D30C56+1501718]
GetHandleVerifier [0x00DDE97F+2213695]
GetHandleVerifier [0x00C38C92+485970]
GetHandleVerifier [0x00C37D59+482073]
Ordinal0 [0x00B5471D+2115357]
Ordinal0 [0x00B58678+2131576]
Ordinal0 [0x00B587B2+2131890]
Ordinal0 [0x00B61971+2169201]
BaseThreadInitThunk [0x76FEFA29+25]
RtlGetAppContainerNamedObjectPath [0x777B7A9E+286]
RtlGetAppContainerNamedObjectPath [0x777B7A6E+238]
]]>
            </message>
            <full-stacktrace>
              <![CDATA[org.openqa.selenium.SessionNotCreatedException: session not created: This version of ChromeDriver only supports Chrome version 92
Current browser version is 94.0.4606.71 with binary path C:\Program Files\Google\Chrome\Application\chrome.exe
Build info: version: '3.141.59', revision: 'e82be7d358', time: '2018-11-14T08:17:03'
System info: host: 'LAPTOP-40EPTFGM', ip: '192.168.0.106', os.name: 'Windows 10', os.arch: 'amd64', os.version: '10.0', java.version: '1.8.0_281'
Driver info: driver.version: ChromeDriver
remote stacktrace: Backtrace:
Ordinal0 [0x00BB5843+2512963]
Ordinal0 [0x00B4EED1+2092753]
Ordinal0 [0x00A51F48+1056584]
Ordinal0 [0x00A701AA+1180074]
Ordinal0 [0x00A6C0C5+1163461]
Ordinal0 [0x00A6990F+1153295]
Ordinal0 [0x00A9994F+1349967]
Ordinal0 [0x00A995BA+1349050]
Ordinal0 [0x00A954BB+1332411]
Ordinal0 [0x00A71D14+1187092]
Ordinal0 [0x00A72B79+1190777]
GetHandleVerifier [0x00D30C56+1501718]
GetHandleVerifier [0x00DDE97F+2213695]
GetHandleVerifier [0x00C38C92+485970]
GetHandleVerifier [0x00C37D59+482073]
Ordinal0 [0x00B5471D+2115357]
Ordinal0 [0x00B58678+2131576]
Ordinal0 [0x00B587B2+2131890]
Ordinal0 [0x00B61971+2169201]
BaseThreadInitThunk [0x76FEFA29+25]
RtlGetAppContainerNamedObjectPath [0x777B7A9E+286]
RtlGetAppContainerNamedObjectPath [0x777B7A6E+238]

at sun.reflect.NativeConstructorAccessorImpl.newInstance0(Native Method)
at sun.reflect.NativeConstructorAccessorImpl.newInstance(NativeConstructorAccessorImpl.java:62)
at sun.reflect.DelegatingConstructorAccessorImpl.newInstance(DelegatingConstructorAccessorImpl.java:45)
at java.lang.reflect.Constructor.newInstance(Constructor.java:423)
at org.openqa.selenium.remote.W3CHandshakeResponse.lambda$errorHandler$0(W3CHandshakeResponse.java:62)
at org.openqa.selenium.remote.HandshakeResponse.lambda$getResponseFunction$0(HandshakeResponse.java:30)
at org.openqa.selenium.remote.ProtocolHandshake.lambda$createSession$0(ProtocolHandshake.java:126)
at java.util.stream.ReferencePipeline$3$1.accept(ReferencePipeline.java:193)
at java.util.Spliterators$ArraySpliterator.tryAdvance(Spliterators.java:958)
at java.util.stream.ReferencePipeline.forEachWithCancel(ReferencePipeline.java:126)
at java.util.stream.AbstractPipeline.copyIntoWithCancel(AbstractPipeline.java:499)
at java.util.stream.AbstractPipeline.copyInto(AbstractPipeline.java:486)
at java.util.stream.AbstractPipeline.wrapAndCopyInto(AbstractPipeline.java:472)
at java.util.stream.FindOps$FindOp.evaluateSequential(FindOps.java:152)
at java.util.stream.AbstractPipeline.evaluate(AbstractPipeline.java:234)
at java.util.stream.ReferencePipeline.findFirst(ReferencePipeline.java:464)
at org.openqa.selenium.remote.ProtocolHandshake.createSession(ProtocolHandshake.java:128)
at org.openqa.selenium.remote.ProtocolHandshake.createSession(ProtocolHandshake.java:74)
at org.openqa.selenium.remote.HttpCommandExecutor.execute(HttpCommandExecutor.java:136)
at org.openqa.selenium.remote.service.DriverCommandExecutor.execute(DriverCommandExecutor.java:83)
at org.openqa.selenium.remote.RemoteWebDriver.execute(RemoteWebDriver.java:552)
at org.openqa.selenium.remote.RemoteWebDriver.startSession(RemoteWebDriver.java:213)
at org.openqa.selenium.remote.RemoteWebDriver.<init>(RemoteWebDriver.java:131)
at org.openqa.selenium.chrome.ChromeDriver.<init>(ChromeDriver.java:181)
at org.openqa.selenium.chrome.ChromeDriver.<init>(ChromeDriver.java:168)
at org.openqa.selenium.chrome.ChromeDriver.<init>(ChromeDriver.java:123)
at resources.Base.initializeDriver(Base.java:32)
at Academy.E2EProject.validateTopNavBar.initializeBrowser(validateTopNavBar.java:27)
at sun.reflect.NativeMethodAccessorImpl.invoke0(Native Method)
at sun.reflect.NativeMethodAccessorImpl.invoke(NativeMethodAccessorImpl.java:62)
at sun.reflect.DelegatingMethodAccessorImpl.invoke(DelegatingMethodAccessorImpl.java:43)
at java.lang.reflect.Method.invoke(Method.java:498)
at org.testng.internal.MethodInvocationHelper.invokeMethod(MethodInvocationHelper.java:133)
at org.testng.internal.MethodInvocationHelper.invokeMethodConsideringTimeout(MethodInvocationHelper.java:62)
at org.testng.internal.ConfigInvoker.invokeConfigurationMethod(ConfigInvoker.java:385)
at org.testng.internal.ConfigInvoker.invokeConfigurations(ConfigInvoker.java:321)
at org.testng.TestRunner.invokeTestConfigurations(TestRunner.java:637)
at org.testng.TestRunner.beforeRun(TestRunner.java:627)
at org.testng.TestRunner.run(TestRunner.java:589)
at org.testng.SuiteRunner.runTest(SuiteRunner.java:377)
at org.testng.SuiteRunner.access$000(SuiteRunner.java:28)
at org.testng.SuiteRunner$SuiteWorker.run(SuiteRunner.java:418)
at org.testng.internal.thread.ThreadUtil.lambda$execute$0(ThreadUtil.java:64)
at java.util.concurrent.FutureTask.run(FutureTask.java:266)
at java.util.concurrent.ThreadPoolExecutor.runWorker(ThreadPoolExecutor.java:1149)
at java.util.concurrent.ThreadPoolExecutor$Worker.run(ThreadPoolExecutor.java:624)
at java.lang.Thread.run(Thread.java:748)
]]>
            </full-stacktrace>
          </exception> <!-- org.openqa.selenium.SessionNotCreatedException -->
          <reporter-output>
          </reporter-output>
        </test-method> <!-- valTopNavBar -->
        <test-method status="SKIP" signature="teardown()[pri:0, instance:Academy.E2EProject.validateTopNavBar@1fa268de]" name="teardown" is-config="true" duration-ms="-1634381242264" started-at="2021-10-16T16:17:22 IST" finished-at="1970-01-01T05:30:00 IST">
          <reporter-output>
          </reporter-output>
        </test-method> <!-- teardown -->
      </class> <!-- Academy.E2EProject.validateTopNavBar -->
    </test> <!-- validate top Nav bar -->
    <test name="validate page title" duration-ms="4996" started-at="2021-10-16T16:17:17 IST" finished-at="2021-10-16T16:17:22 IST">
      <class name="Academy.E2EProject.validatePageTitle">
        <test-method status="FAIL" signature="initializeBrowser()[pri:0, instance:Academy.E2EProject.validatePageTitle@4567f35d]" name="initializeBrowser" is-config="true" duration-ms="4991" started-at="2021-10-16T16:17:17 IST" finished-at="2021-10-16T16:17:22 IST">
          <exception class="org.openqa.selenium.SessionNotCreatedException">
            <message>
              <![CDATA[session not created: This version of ChromeDriver only supports Chrome version 92
Current browser version is 94.0.4606.71 with binary path C:\Program Files\Google\Chrome\Application\chrome.exe
Build info: version: '3.141.59', revision: 'e82be7d358', time: '2018-11-14T08:17:03'
System info: host: 'LAPTOP-40EPTFGM', ip: '192.168.0.106', os.name: 'Windows 10', os.arch: 'amd64', os.version: '10.0', java.version: '1.8.0_281'
Driver info: driver.version: ChromeDriver
remote stacktrace: Backtrace:
Ordinal0 [0x00BB5843+2512963]
Ordinal0 [0x00B4EED1+2092753]
Ordinal0 [0x00A51F48+1056584]
Ordinal0 [0x00A701AA+1180074]
Ordinal0 [0x00A6C0C5+1163461]
Ordinal0 [0x00A6990F+1153295]
Ordinal0 [0x00A9994F+1349967]
Ordinal0 [0x00A995BA+1349050]
Ordinal0 [0x00A954BB+1332411]
Ordinal0 [0x00A71D14+1187092]
Ordinal0 [0x00A72B79+1190777]
GetHandleVerifier [0x00D30C56+1501718]
GetHandleVerifier [0x00DDE97F+2213695]
GetHandleVerifier [0x00C38C92+485970]
GetHandleVerifier [0x00C37D59+482073]
Ordinal0 [0x00B5471D+2115357]
Ordinal0 [0x00B58678+2131576]
Ordinal0 [0x00B587B2+2131890]
Ordinal0 [0x00B61971+2169201]
BaseThreadInitThunk [0x76FEFA29+25]
RtlGetAppContainerNamedObjectPath [0x777B7A9E+286]
RtlGetAppContainerNamedObjectPath [0x777B7A6E+238]
]]>
            </message>
            <full-stacktrace>
              <![CDATA[org.openqa.selenium.SessionNotCreatedException: session not created: This version of ChromeDriver only supports Chrome version 92
Current browser version is 94.0.4606.71 with binary path C:\Program Files\Google\Chrome\Application\chrome.exe
Build info: version: '3.141.59', revision: 'e82be7d358', time: '2018-11-14T08:17:03'
System info: host: 'LAPTOP-40EPTFGM', ip: '192.168.0.106', os.name: 'Windows 10', os.arch: 'amd64', os.version: '10.0', java.version: '1.8.0_281'
Driver info: driver.version: ChromeDriver
remote stacktrace: Backtrace:
Ordinal0 [0x00BB5843+2512963]
Ordinal0 [0x00B4EED1+2092753]
Ordinal0 [0x00A51F48+1056584]
Ordinal0 [0x00A701AA+1180074]
Ordinal0 [0x00A6C0C5+1163461]
Ordinal0 [0x00A6990F+1153295]
Ordinal0 [0x00A9994F+1349967]
Ordinal0 [0x00A995BA+1349050]
Ordinal0 [0x00A954BB+1332411]
Ordinal0 [0x00A71D14+1187092]
Ordinal0 [0x00A72B79+1190777]
GetHandleVerifier [0x00D30C56+1501718]
GetHandleVerifier [0x00DDE97F+2213695]
GetHandleVerifier [0x00C38C92+485970]
GetHandleVerifier [0x00C37D59+482073]
Ordinal0 [0x00B5471D+2115357]
Ordinal0 [0x00B58678+2131576]
Ordinal0 [0x00B587B2+2131890]
Ordinal0 [0x00B61971+2169201]
BaseThreadInitThunk [0x76FEFA29+25]
RtlGetAppContainerNamedObjectPath [0x777B7A9E+286]
RtlGetAppContainerNamedObjectPath [0x777B7A6E+238]

at sun.reflect.NativeConstructorAccessorImpl.newInstance0(Native Method)
at sun.reflect.NativeConstructorAccessorImpl.newInstance(NativeConstructorAccessorImpl.java:62)
at sun.reflect.DelegatingConstructorAccessorImpl.newInstance(DelegatingConstructorAccessorImpl.java:45)
at java.lang.reflect.Constructor.newInstance(Constructor.java:423)
at org.openqa.selenium.remote.W3CHandshakeResponse.lambda$errorHandler$0(W3CHandshakeResponse.java:62)
at org.openqa.selenium.remote.HandshakeResponse.lambda$getResponseFunction$0(HandshakeResponse.java:30)
at org.openqa.selenium.remote.ProtocolHandshake.lambda$createSession$0(ProtocolHandshake.java:126)
at java.util.stream.ReferencePipeline$3$1.accept(ReferencePipeline.java:193)
at java.util.Spliterators$ArraySpliterator.tryAdvance(Spliterators.java:958)
at java.util.stream.ReferencePipeline.forEachWithCancel(ReferencePipeline.java:126)
at java.util.stream.AbstractPipeline.copyIntoWithCancel(AbstractPipeline.java:499)
at java.util.stream.AbstractPipeline.copyInto(AbstractPipeline.java:486)
at java.util.stream.AbstractPipeline.wrapAndCopyInto(AbstractPipeline.java:472)
at java.util.stream.FindOps$FindOp.evaluateSequential(FindOps.java:152)
at java.util.stream.AbstractPipeline.evaluate(AbstractPipeline.java:234)
at java.util.stream.ReferencePipeline.findFirst(ReferencePipeline.java:464)
at org.openqa.selenium.remote.ProtocolHandshake.createSession(ProtocolHandshake.java:128)
at org.openqa.selenium.remote.ProtocolHandshake.createSession(ProtocolHandshake.java:74)
at org.openqa.selenium.remote.HttpCommandExecutor.execute(HttpCommandExecutor.java:136)
at org.openqa.selenium.remote.service.DriverCommandExecutor.execute(DriverCommandExecutor.java:83)
at org.openqa.selenium.remote.RemoteWebDriver.execute(RemoteWebDriver.java:552)
at org.openqa.selenium.remote.RemoteWebDriver.startSession(RemoteWebDriver.java:213)
at org.openqa.selenium.remote.RemoteWebDriver.<init>(RemoteWebDriver.java:131)
at org.openqa.selenium.chrome.ChromeDriver.<init>(ChromeDriver.java:181)
at org.openqa.selenium.chrome.ChromeDriver.<init>(ChromeDriver.java:168)
at org.openqa.selenium.chrome.ChromeDriver.<init>(ChromeDriver.java:123)
at resources.Base.initializeDriver(Base.java:32)
at Academy.E2EProject.validatePageTitle.initializeBrowser(validatePageTitle.java:26)
at sun.reflect.NativeMethodAccessorImpl.invoke0(Native Method)
at sun.reflect.NativeMethodAccessorImpl.invoke(NativeMethodAccessorImpl.java:62)
at sun.reflect.DelegatingMethodAccessorImpl.invoke(DelegatingMethodAccessorImpl.java:43)
at java.lang.reflect.Method.invoke(Method.java:498)
at org.testng.internal.MethodInvocationHelper.invokeMethod(MethodInvocationHelper.java:133)
at org.testng.internal.MethodInvocationHelper.invokeMethodConsideringTimeout(MethodInvocationHelper.java:62)
at org.testng.internal.ConfigInvoker.invokeConfigurationMethod(ConfigInvoker.java:385)
at org.testng.internal.ConfigInvoker.invokeConfigurations(ConfigInvoker.java:321)
at org.testng.TestRunner.invokeTestConfigurations(TestRunner.java:637)
at org.testng.TestRunner.beforeRun(TestRunner.java:627)
at org.testng.TestRunner.run(TestRunner.java:589)
at org.testng.SuiteRunner.runTest(SuiteRunner.java:377)
at org.testng.SuiteRunner.access$000(SuiteRunner.java:28)
at org.testng.SuiteRunner$SuiteWorker.run(SuiteRunner.java:418)
at org.testng.internal.thread.ThreadUtil.lambda$execute$0(ThreadUtil.java:64)
at java.util.concurrent.FutureTask.run(FutureTask.java:266)
at java.util.concurrent.ThreadPoolExecutor.runWorker(ThreadPoolExecutor.java:1149)
at java.util.concurrent.ThreadPoolExecutor$Worker.run(ThreadPoolExecutor.java:624)
at java.lang.Thread.run(Thread.java:748)
]]>
            </full-stacktrace>
          </exception> <!-- org.openqa.selenium.SessionNotCreatedException -->
          <reporter-output>
          </reporter-output>
        </test-method> <!-- initializeBrowser -->
        <test-method status="SKIP" signature="valSectitle()[pri:0, instance:Academy.E2EProject.validatePageTitle@4567f35d]" name="valSectitle" duration-ms="0" started-at="2021-10-16T16:17:22 IST" finished-at="2021-10-16T16:17:22 IST">
          <exception class="org.openqa.selenium.SessionNotCreatedException">
            <message>
              <![CDATA[session not created: This version of ChromeDriver only supports Chrome version 92
Current browser version is 94.0.4606.71 with binary path C:\Program Files\Google\Chrome\Application\chrome.exe
Build info: version: '3.141.59', revision: 'e82be7d358', time: '2018-11-14T08:17:03'
System info: host: 'LAPTOP-40EPTFGM', ip: '192.168.0.106', os.name: 'Windows 10', os.arch: 'amd64', os.version: '10.0', java.version: '1.8.0_281'
Driver info: driver.version: ChromeDriver
remote stacktrace: Backtrace:
Ordinal0 [0x00BB5843+2512963]
Ordinal0 [0x00B4EED1+2092753]
Ordinal0 [0x00A51F48+1056584]
Ordinal0 [0x00A701AA+1180074]
Ordinal0 [0x00A6C0C5+1163461]
Ordinal0 [0x00A6990F+1153295]
Ordinal0 [0x00A9994F+1349967]
Ordinal0 [0x00A995BA+1349050]
Ordinal0 [0x00A954BB+1332411]
Ordinal0 [0x00A71D14+1187092]
Ordinal0 [0x00A72B79+1190777]
GetHandleVerifier [0x00D30C56+1501718]
GetHandleVerifier [0x00DDE97F+2213695]
GetHandleVerifier [0x00C38C92+485970]
GetHandleVerifier [0x00C37D59+482073]
Ordinal0 [0x00B5471D+2115357]
Ordinal0 [0x00B58678+2131576]
Ordinal0 [0x00B587B2+2131890]
Ordinal0 [0x00B61971+2169201]
BaseThreadInitThunk [0x76FEFA29+25]
RtlGetAppContainerNamedObjectPath [0x777B7A9E+286]
RtlGetAppContainerNamedObjectPath [0x777B7A6E+238]
]]>
            </message>
            <full-stacktrace>
              <![CDATA[org.openqa.selenium.SessionNotCreatedException: session not created: This version of ChromeDriver only supports Chrome version 92
Current browser version is 94.0.4606.71 with binary path C:\Program Files\Google\Chrome\Application\chrome.exe
Build info: version: '3.141.59', revision: 'e82be7d358', time: '2018-11-14T08:17:03'
System info: host: 'LAPTOP-40EPTFGM', ip: '192.168.0.106', os.name: 'Windows 10', os.arch: 'amd64', os.version: '10.0', java.version: '1.8.0_281'
Driver info: driver.version: ChromeDriver
remote stacktrace: Backtrace:
Ordinal0 [0x00BB5843+2512963]
Ordinal0 [0x00B4EED1+2092753]
Ordinal0 [0x00A51F48+1056584]
Ordinal0 [0x00A701AA+1180074]
Ordinal0 [0x00A6C0C5+1163461]
Ordinal0 [0x00A6990F+1153295]
Ordinal0 [0x00A9994F+1349967]
Ordinal0 [0x00A995BA+1349050]
Ordinal0 [0x00A954BB+1332411]
Ordinal0 [0x00A71D14+1187092]
Ordinal0 [0x00A72B79+1190777]
GetHandleVerifier [0x00D30C56+1501718]
GetHandleVerifier [0x00DDE97F+2213695]
GetHandleVerifier [0x00C38C92+485970]
GetHandleVerifier [0x00C37D59+482073]
Ordinal0 [0x00B5471D+2115357]
Ordinal0 [0x00B58678+2131576]
Ordinal0 [0x00B587B2+2131890]
Ordinal0 [0x00B61971+2169201]
BaseThreadInitThunk [0x76FEFA29+25]
RtlGetAppContainerNamedObjectPath [0x777B7A9E+286]
RtlGetAppContainerNamedObjectPath [0x777B7A6E+238]

at sun.reflect.NativeConstructorAccessorImpl.newInstance0(Native Method)
at sun.reflect.NativeConstructorAccessorImpl.newInstance(NativeConstructorAccessorImpl.java:62)
at sun.reflect.DelegatingConstructorAccessorImpl.newInstance(DelegatingConstructorAccessorImpl.java:45)
at java.lang.reflect.Constructor.newInstance(Constructor.java:423)
at org.openqa.selenium.remote.W3CHandshakeResponse.lambda$errorHandler$0(W3CHandshakeResponse.java:62)
at org.openqa.selenium.remote.HandshakeResponse.lambda$getResponseFunction$0(HandshakeResponse.java:30)
at org.openqa.selenium.remote.ProtocolHandshake.lambda$createSession$0(ProtocolHandshake.java:126)
at java.util.stream.ReferencePipeline$3$1.accept(ReferencePipeline.java:193)
at java.util.Spliterators$ArraySpliterator.tryAdvance(Spliterators.java:958)
at java.util.stream.ReferencePipeline.forEachWithCancel(ReferencePipeline.java:126)
at java.util.stream.AbstractPipeline.copyIntoWithCancel(AbstractPipeline.java:499)
at java.util.stream.AbstractPipeline.copyInto(AbstractPipeline.java:486)
at java.util.stream.AbstractPipeline.wrapAndCopyInto(AbstractPipeline.java:472)
at java.util.stream.FindOps$FindOp.evaluateSequential(FindOps.java:152)
at java.util.stream.AbstractPipeline.evaluate(AbstractPipeline.java:234)
at java.util.stream.ReferencePipeline.findFirst(ReferencePipeline.java:464)
at org.openqa.selenium.remote.ProtocolHandshake.createSession(ProtocolHandshake.java:128)
at org.openqa.selenium.remote.ProtocolHandshake.createSession(ProtocolHandshake.java:74)
at org.openqa.selenium.remote.HttpCommandExecutor.execute(HttpCommandExecutor.java:136)
at org.openqa.selenium.remote.service.DriverCommandExecutor.execute(DriverCommandExecutor.java:83)
at org.openqa.selenium.remote.RemoteWebDriver.execute(RemoteWebDriver.java:552)
at org.openqa.selenium.remote.RemoteWebDriver.startSession(RemoteWebDriver.java:213)
at org.openqa.selenium.remote.RemoteWebDriver.<init>(RemoteWebDriver.java:131)
at org.openqa.selenium.chrome.ChromeDriver.<init>(ChromeDriver.java:181)
at org.openqa.selenium.chrome.ChromeDriver.<init>(ChromeDriver.java:168)
at org.openqa.selenium.chrome.ChromeDriver.<init>(ChromeDriver.java:123)
at resources.Base.initializeDriver(Base.java:32)
at Academy.E2EProject.validatePageTitle.initializeBrowser(validatePageTitle.java:26)
at sun.reflect.NativeMethodAccessorImpl.invoke0(Native Method)
at sun.reflect.NativeMethodAccessorImpl.invoke(NativeMethodAccessorImpl.java:62)
at sun.reflect.DelegatingMethodAccessorImpl.invoke(DelegatingMethodAccessorImpl.java:43)
at java.lang.reflect.Method.invoke(Method.java:498)
at org.testng.internal.MethodInvocationHelper.invokeMethod(MethodInvocationHelper.java:133)
at org.testng.internal.MethodInvocationHelper.invokeMethodConsideringTimeout(MethodInvocationHelper.java:62)
at org.testng.internal.ConfigInvoker.invokeConfigurationMethod(ConfigInvoker.java:385)
at org.testng.internal.ConfigInvoker.invokeConfigurations(ConfigInvoker.java:321)
at org.testng.TestRunner.invokeTestConfigurations(TestRunner.java:637)
at org.testng.TestRunner.beforeRun(TestRunner.java:627)
at org.testng.TestRunner.run(TestRunner.java:589)
at org.testng.SuiteRunner.runTest(SuiteRunner.java:377)
at org.testng.SuiteRunner.access$000(SuiteRunner.java:28)
at org.testng.SuiteRunner$SuiteWorker.run(SuiteRunner.java:418)
at org.testng.internal.thread.ThreadUtil.lambda$execute$0(ThreadUtil.java:64)
at java.util.concurrent.FutureTask.run(FutureTask.java:266)
at java.util.concurrent.ThreadPoolExecutor.runWorker(ThreadPoolExecutor.java:1149)
at java.util.concurrent.ThreadPoolExecutor$Worker.run(ThreadPoolExecutor.java:624)
at java.lang.Thread.run(Thread.java:748)
]]>
            </full-stacktrace>
          </exception> <!-- org.openqa.selenium.SessionNotCreatedException -->
          <reporter-output>
          </reporter-output>
        </test-method> <!-- valSectitle -->
        <test-method status="SKIP" signature="teardown()[pri:0, instance:Academy.E2EProject.validatePageTitle@4567f35d]" name="teardown" is-config="true" duration-ms="-1634381242315" started-at="2021-10-16T16:17:22 IST" finished-at="1970-01-01T05:30:00 IST">
          <reporter-output>
          </reporter-output>
        </test-method> <!-- teardown -->
      </class> <!-- Academy.E2EProject.validatePageTitle -->
    </test> <!-- validate page title -->
    <test name="validate user login" duration-ms="4998" started-at="2021-10-16T16:17:17 IST" finished-at="2021-10-16T16:17:22 IST">
      <class name="Academy.E2EProject.HomePage">
        <test-method status="FAIL" signature="initializeBrow()[pri:0, instance:Academy.E2EProject.HomePage@1dde4cb2]" name="initializeBrow" is-config="true" duration-ms="4988" started-at="2021-10-16T16:17:17 IST" finished-at="2021-10-16T16:17:22 IST">
          <exception class="org.openqa.selenium.SessionNotCreatedException">
            <message>
              <![CDATA[session not created: This version of ChromeDriver only supports Chrome version 92
Current browser version is 94.0.4606.71 with binary path C:\Program Files\Google\Chrome\Application\chrome.exe
Build info: version: '3.141.59', revision: 'e82be7d358', time: '2018-11-14T08:17:03'
System info: host: 'LAPTOP-40EPTFGM', ip: '192.168.0.106', os.name: 'Windows 10', os.arch: 'amd64', os.version: '10.0', java.version: '1.8.0_281'
Driver info: driver.version: ChromeDriver
remote stacktrace: Backtrace:
Ordinal0 [0x00BB5843+2512963]
Ordinal0 [0x00B4EED1+2092753]
Ordinal0 [0x00A51F48+1056584]
Ordinal0 [0x00A701AA+1180074]
Ordinal0 [0x00A6C0C5+1163461]
Ordinal0 [0x00A6990F+1153295]
Ordinal0 [0x00A9994F+1349967]
Ordinal0 [0x00A995BA+1349050]
Ordinal0 [0x00A954BB+1332411]
Ordinal0 [0x00A71D14+1187092]
Ordinal0 [0x00A72B79+1190777]
GetHandleVerifier [0x00D30C56+1501718]
GetHandleVerifier [0x00DDE97F+2213695]
GetHandleVerifier [0x00C38C92+485970]
GetHandleVerifier [0x00C37D59+482073]
Ordinal0 [0x00B5471D+2115357]
Ordinal0 [0x00B58678+2131576]
Ordinal0 [0x00B587B2+2131890]
Ordinal0 [0x00B61971+2169201]
BaseThreadInitThunk [0x76FEFA29+25]
RtlGetAppContainerNamedObjectPath [0x777B7A9E+286]
RtlGetAppContainerNamedObjectPath [0x777B7A6E+238]
]]>
            </message>
            <full-stacktrace>
              <![CDATA[org.openqa.selenium.SessionNotCreatedException: session not created: This version of ChromeDriver only supports Chrome version 92
Current browser version is 94.0.4606.71 with binary path C:\Program Files\Google\Chrome\Application\chrome.exe
Build info: version: '3.141.59', revision: 'e82be7d358', time: '2018-11-14T08:17:03'
System info: host: 'LAPTOP-40EPTFGM', ip: '192.168.0.106', os.name: 'Windows 10', os.arch: 'amd64', os.version: '10.0', java.version: '1.8.0_281'
Driver info: driver.version: ChromeDriver
remote stacktrace: Backtrace:
Ordinal0 [0x00BB5843+2512963]
Ordinal0 [0x00B4EED1+2092753]
Ordinal0 [0x00A51F48+1056584]
Ordinal0 [0x00A701AA+1180074]
Ordinal0 [0x00A6C0C5+1163461]
Ordinal0 [0x00A6990F+1153295]
Ordinal0 [0x00A9994F+1349967]
Ordinal0 [0x00A995BA+1349050]
Ordinal0 [0x00A954BB+1332411]
Ordinal0 [0x00A71D14+1187092]
Ordinal0 [0x00A72B79+1190777]
GetHandleVerifier [0x00D30C56+1501718]
GetHandleVerifier [0x00DDE97F+2213695]
GetHandleVerifier [0x00C38C92+485970]
GetHandleVerifier [0x00C37D59+482073]
Ordinal0 [0x00B5471D+2115357]
Ordinal0 [0x00B58678+2131576]
Ordinal0 [0x00B587B2+2131890]
Ordinal0 [0x00B61971+2169201]
BaseThreadInitThunk [0x76FEFA29+25]
RtlGetAppContainerNamedObjectPath [0x777B7A9E+286]
RtlGetAppContainerNamedObjectPath [0x777B7A6E+238]

at sun.reflect.NativeConstructorAccessorImpl.newInstance0(Native Method)
at sun.reflect.NativeConstructorAccessorImpl.newInstance(NativeConstructorAccessorImpl.java:62)
at sun.reflect.DelegatingConstructorAccessorImpl.newInstance(DelegatingConstructorAccessorImpl.java:45)
at java.lang.reflect.Constructor.newInstance(Constructor.java:423)
at org.openqa.selenium.remote.W3CHandshakeResponse.lambda$errorHandler$0(W3CHandshakeResponse.java:62)
at org.openqa.selenium.remote.HandshakeResponse.lambda$getResponseFunction$0(HandshakeResponse.java:30)
at org.openqa.selenium.remote.ProtocolHandshake.lambda$createSession$0(ProtocolHandshake.java:126)
at java.util.stream.ReferencePipeline$3$1.accept(ReferencePipeline.java:193)
at java.util.Spliterators$ArraySpliterator.tryAdvance(Spliterators.java:958)
at java.util.stream.ReferencePipeline.forEachWithCancel(ReferencePipeline.java:126)
at java.util.stream.AbstractPipeline.copyIntoWithCancel(AbstractPipeline.java:499)
at java.util.stream.AbstractPipeline.copyInto(AbstractPipeline.java:486)
at java.util.stream.AbstractPipeline.wrapAndCopyInto(AbstractPipeline.java:472)
at java.util.stream.FindOps$FindOp.evaluateSequential(FindOps.java:152)
at java.util.stream.AbstractPipeline.evaluate(AbstractPipeline.java:234)
at java.util.stream.ReferencePipeline.findFirst(ReferencePipeline.java:464)
at org.openqa.selenium.remote.ProtocolHandshake.createSession(ProtocolHandshake.java:128)
at org.openqa.selenium.remote.ProtocolHandshake.createSession(ProtocolHandshake.java:74)
at org.openqa.selenium.remote.HttpCommandExecutor.execute(HttpCommandExecutor.java:136)
at org.openqa.selenium.remote.service.DriverCommandExecutor.execute(DriverCommandExecutor.java:83)
at org.openqa.selenium.remote.RemoteWebDriver.execute(RemoteWebDriver.java:552)
at org.openqa.selenium.remote.RemoteWebDriver.startSession(RemoteWebDriver.java:213)
at org.openqa.selenium.remote.RemoteWebDriver.<init>(RemoteWebDriver.java:131)
at org.openqa.selenium.chrome.ChromeDriver.<init>(ChromeDriver.java:181)
at org.openqa.selenium.chrome.ChromeDriver.<init>(ChromeDriver.java:168)
at org.openqa.selenium.chrome.ChromeDriver.<init>(ChromeDriver.java:123)
at resources.Base.initializeDriver(Base.java:32)
at Academy.E2EProject.HomePage.initializeBrow(HomePage.java:23)
at sun.reflect.NativeMethodAccessorImpl.invoke0(Native Method)
at sun.reflect.NativeMethodAccessorImpl.invoke(NativeMethodAccessorImpl.java:62)
at sun.reflect.DelegatingMethodAccessorImpl.invoke(DelegatingMethodAccessorImpl.java:43)
at java.lang.reflect.Method.invoke(Method.java:498)
at org.testng.internal.MethodInvocationHelper.invokeMethod(MethodInvocationHelper.java:133)
at org.testng.internal.MethodInvocationHelper.invokeMethodConsideringTimeout(MethodInvocationHelper.java:62)
at org.testng.internal.ConfigInvoker.invokeConfigurationMethod(ConfigInvoker.java:385)
at org.testng.internal.ConfigInvoker.invokeConfigurations(ConfigInvoker.java:321)
at org.testng.TestRunner.invokeTestConfigurations(TestRunner.java:637)
at org.testng.TestRunner.beforeRun(TestRunner.java:627)
at org.testng.TestRunner.run(TestRunner.java:589)
at org.testng.SuiteRunner.runTest(SuiteRunner.java:377)
at org.testng.SuiteRunner.access$000(SuiteRunner.java:28)
at org.testng.SuiteRunner$SuiteWorker.run(SuiteRunner.java:418)
at org.testng.internal.thread.ThreadUtil.lambda$execute$0(ThreadUtil.java:64)
at java.util.concurrent.FutureTask.run(FutureTask.java:266)
at java.util.concurrent.ThreadPoolExecutor.runWorker(ThreadPoolExecutor.java:1149)
at java.util.concurrent.ThreadPoolExecutor$Worker.run(ThreadPoolExecutor.java:624)
at java.lang.Thread.run(Thread.java:748)
]]>
            </full-stacktrace>
          </exception> <!-- org.openqa.selenium.SessionNotCreatedException -->
          <reporter-output>
          </reporter-output>
        </test-method> <!-- initializeBrow -->
        <test-method status="SKIP" signature="basePageNav(java.lang.String,java.lang.String,java.lang.String)[pri:0, instance:Academy.E2EProject.HomePage@1dde4cb2]" name="basePageNav" duration-ms="0" started-at="2021-10-16T16:17:22 IST" data-provider="getData" finished-at="2021-10-16T16:17:22 IST">
          <params>
            <param index="0">
              <value>
                <![CDATA[nonrestricteduser@qa.com]]>
              </value>
            </param>
            <param index="1">
              <value>
                <![CDATA[1234567]]>
              </value>
            </param>
            <param index="2">
              <value>
                <![CDATA[Restricted user]]>
              </value>
            </param>
          </params>
          <exception class="org.openqa.selenium.SessionNotCreatedException">
            <message>
              <![CDATA[session not created: This version of ChromeDriver only supports Chrome version 92
Current browser version is 94.0.4606.71 with binary path C:\Program Files\Google\Chrome\Application\chrome.exe
Build info: version: '3.141.59', revision: 'e82be7d358', time: '2018-11-14T08:17:03'
System info: host: 'LAPTOP-40EPTFGM', ip: '192.168.0.106', os.name: 'Windows 10', os.arch: 'amd64', os.version: '10.0', java.version: '1.8.0_281'
Driver info: driver.version: ChromeDriver
remote stacktrace: Backtrace:
Ordinal0 [0x00BB5843+2512963]
Ordinal0 [0x00B4EED1+2092753]
Ordinal0 [0x00A51F48+1056584]
Ordinal0 [0x00A701AA+1180074]
Ordinal0 [0x00A6C0C5+1163461]
Ordinal0 [0x00A6990F+1153295]
Ordinal0 [0x00A9994F+1349967]
Ordinal0 [0x00A995BA+1349050]
Ordinal0 [0x00A954BB+1332411]
Ordinal0 [0x00A71D14+1187092]
Ordinal0 [0x00A72B79+1190777]
GetHandleVerifier [0x00D30C56+1501718]
GetHandleVerifier [0x00DDE97F+2213695]
GetHandleVerifier [0x00C38C92+485970]
GetHandleVerifier [0x00C37D59+482073]
Ordinal0 [0x00B5471D+2115357]
Ordinal0 [0x00B58678+2131576]
Ordinal0 [0x00B587B2+2131890]
Ordinal0 [0x00B61971+2169201]
BaseThreadInitThunk [0x76FEFA29+25]
RtlGetAppContainerNamedObjectPath [0x777B7A9E+286]
RtlGetAppContainerNamedObjectPath [0x777B7A6E+238]
]]>
            </message>
            <full-stacktrace>
              <![CDATA[org.openqa.selenium.SessionNotCreatedException: session not created: This version of ChromeDriver only supports Chrome version 92
Current browser version is 94.0.4606.71 with binary path C:\Program Files\Google\Chrome\Application\chrome.exe
Build info: version: '3.141.59', revision: 'e82be7d358', time: '2018-11-14T08:17:03'
System info: host: 'LAPTOP-40EPTFGM', ip: '192.168.0.106', os.name: 'Windows 10', os.arch: 'amd64', os.version: '10.0', java.version: '1.8.0_281'
Driver info: driver.version: ChromeDriver
remote stacktrace: Backtrace:
Ordinal0 [0x00BB5843+2512963]
Ordinal0 [0x00B4EED1+2092753]
Ordinal0 [0x00A51F48+1056584]
Ordinal0 [0x00A701AA+1180074]
Ordinal0 [0x00A6C0C5+1163461]
Ordinal0 [0x00A6990F+1153295]
Ordinal0 [0x00A9994F+1349967]
Ordinal0 [0x00A995BA+1349050]
Ordinal0 [0x00A954BB+1332411]
Ordinal0 [0x00A71D14+1187092]
Ordinal0 [0x00A72B79+1190777]
GetHandleVerifier [0x00D30C56+1501718]
GetHandleVerifier [0x00DDE97F+2213695]
GetHandleVerifier [0x00C38C92+485970]
GetHandleVerifier [0x00C37D59+482073]
Ordinal0 [0x00B5471D+2115357]
Ordinal0 [0x00B58678+2131576]
Ordinal0 [0x00B587B2+2131890]
Ordinal0 [0x00B61971+2169201]
BaseThreadInitThunk [0x76FEFA29+25]
RtlGetAppContainerNamedObjectPath [0x777B7A9E+286]
RtlGetAppContainerNamedObjectPath [0x777B7A6E+238]

at sun.reflect.NativeConstructorAccessorImpl.newInstance0(Native Method)
at sun.reflect.NativeConstructorAccessorImpl.newInstance(NativeConstructorAccessorImpl.java:62)
at sun.reflect.DelegatingConstructorAccessorImpl.newInstance(DelegatingConstructorAccessorImpl.java:45)
at java.lang.reflect.Constructor.newInstance(Constructor.java:423)
at org.openqa.selenium.remote.W3CHandshakeResponse.lambda$errorHandler$0(W3CHandshakeResponse.java:62)
at org.openqa.selenium.remote.HandshakeResponse.lambda$getResponseFunction$0(HandshakeResponse.java:30)
at org.openqa.selenium.remote.ProtocolHandshake.lambda$createSession$0(ProtocolHandshake.java:126)
at java.util.stream.ReferencePipeline$3$1.accept(ReferencePipeline.java:193)
at java.util.Spliterators$ArraySpliterator.tryAdvance(Spliterators.java:958)
at java.util.stream.ReferencePipeline.forEachWithCancel(ReferencePipeline.java:126)
at java.util.stream.AbstractPipeline.copyIntoWithCancel(AbstractPipeline.java:499)
at java.util.stream.AbstractPipeline.copyInto(AbstractPipeline.java:486)
at java.util.stream.AbstractPipeline.wrapAndCopyInto(AbstractPipeline.java:472)
at java.util.stream.FindOps$FindOp.evaluateSequential(FindOps.java:152)
at java.util.stream.AbstractPipeline.evaluate(AbstractPipeline.java:234)
at java.util.stream.ReferencePipeline.findFirst(ReferencePipeline.java:464)
at org.openqa.selenium.remote.ProtocolHandshake.createSession(ProtocolHandshake.java:128)
at org.openqa.selenium.remote.ProtocolHandshake.createSession(ProtocolHandshake.java:74)
at org.openqa.selenium.remote.HttpCommandExecutor.execute(HttpCommandExecutor.java:136)
at org.openqa.selenium.remote.service.DriverCommandExecutor.execute(DriverCommandExecutor.java:83)
at org.openqa.selenium.remote.RemoteWebDriver.execute(RemoteWebDriver.java:552)
at org.openqa.selenium.remote.RemoteWebDriver.startSession(RemoteWebDriver.java:213)
at org.openqa.selenium.remote.RemoteWebDriver.<init>(RemoteWebDriver.java:131)
at org.openqa.selenium.chrome.ChromeDriver.<init>(ChromeDriver.java:181)
at org.openqa.selenium.chrome.ChromeDriver.<init>(ChromeDriver.java:168)
at org.openqa.selenium.chrome.ChromeDriver.<init>(ChromeDriver.java:123)
at resources.Base.initializeDriver(Base.java:32)
at Academy.E2EProject.HomePage.initializeBrow(HomePage.java:23)
at sun.reflect.NativeMethodAccessorImpl.invoke0(Native Method)
at sun.reflect.NativeMethodAccessorImpl.invoke(NativeMethodAccessorImpl.java:62)
at sun.reflect.DelegatingMethodAccessorImpl.invoke(DelegatingMethodAccessorImpl.java:43)
at java.lang.reflect.Method.invoke(Method.java:498)
at org.testng.internal.MethodInvocationHelper.invokeMethod(MethodInvocationHelper.java:133)
at org.testng.internal.MethodInvocationHelper.invokeMethodConsideringTimeout(MethodInvocationHelper.java:62)
at org.testng.internal.ConfigInvoker.invokeConfigurationMethod(ConfigInvoker.java:385)
at org.testng.internal.ConfigInvoker.invokeConfigurations(ConfigInvoker.java:321)
at org.testng.TestRunner.invokeTestConfigurations(TestRunner.java:637)
at org.testng.TestRunner.beforeRun(TestRunner.java:627)
at org.testng.TestRunner.run(TestRunner.java:589)
at org.testng.SuiteRunner.runTest(SuiteRunner.java:377)
at org.testng.SuiteRunner.access$000(SuiteRunner.java:28)
at org.testng.SuiteRunner$SuiteWorker.run(SuiteRunner.java:418)
at org.testng.internal.thread.ThreadUtil.lambda$execute$0(ThreadUtil.java:64)
at java.util.concurrent.FutureTask.run(FutureTask.java:266)
at java.util.concurrent.ThreadPoolExecutor.runWorker(ThreadPoolExecutor.java:1149)
at java.util.concurrent.ThreadPoolExecutor$Worker.run(ThreadPoolExecutor.java:624)
at java.lang.Thread.run(Thread.java:748)
]]>
            </full-stacktrace>
          </exception> <!-- org.openqa.selenium.SessionNotCreatedException -->
          <reporter-output>
          </reporter-output>
        </test-method> <!-- basePageNav -->
        <test-method status="SKIP" signature="basePageNav(java.lang.String,java.lang.String,java.lang.String)[pri:0, instance:Academy.E2EProject.HomePage@1dde4cb2]" name="basePageNav" duration-ms="0" started-at="2021-10-16T16:17:22 IST" data-provider="getData" finished-at="2021-10-16T16:17:22 IST">
          <params>
            <param index="0">
              <value>
                <![CDATA[restricteduser@qa.com]]>
              </value>
            </param>
            <param index="1">
              <value>
                <![CDATA[3456789]]>
              </value>
            </param>
            <param index="2">
              <value>
                <![CDATA[Non Restricted user]]>
              </value>
            </param>
          </params>
          <exception class="org.openqa.selenium.SessionNotCreatedException">
            <message>
              <![CDATA[session not created: This version of ChromeDriver only supports Chrome version 92
Current browser version is 94.0.4606.71 with binary path C:\Program Files\Google\Chrome\Application\chrome.exe
Build info: version: '3.141.59', revision: 'e82be7d358', time: '2018-11-14T08:17:03'
System info: host: 'LAPTOP-40EPTFGM', ip: '192.168.0.106', os.name: 'Windows 10', os.arch: 'amd64', os.version: '10.0', java.version: '1.8.0_281'
Driver info: driver.version: ChromeDriver
remote stacktrace: Backtrace:
Ordinal0 [0x00BB5843+2512963]
Ordinal0 [0x00B4EED1+2092753]
Ordinal0 [0x00A51F48+1056584]
Ordinal0 [0x00A701AA+1180074]
Ordinal0 [0x00A6C0C5+1163461]
Ordinal0 [0x00A6990F+1153295]
Ordinal0 [0x00A9994F+1349967]
Ordinal0 [0x00A995BA+1349050]
Ordinal0 [0x00A954BB+1332411]
Ordinal0 [0x00A71D14+1187092]
Ordinal0 [0x00A72B79+1190777]
GetHandleVerifier [0x00D30C56+1501718]
GetHandleVerifier [0x00DDE97F+2213695]
GetHandleVerifier [0x00C38C92+485970]
GetHandleVerifier [0x00C37D59+482073]
Ordinal0 [0x00B5471D+2115357]
Ordinal0 [0x00B58678+2131576]
Ordinal0 [0x00B587B2+2131890]
Ordinal0 [0x00B61971+2169201]
BaseThreadInitThunk [0x76FEFA29+25]
RtlGetAppContainerNamedObjectPath [0x777B7A9E+286]
RtlGetAppContainerNamedObjectPath [0x777B7A6E+238]
]]>
            </message>
            <full-stacktrace>
              <![CDATA[org.openqa.selenium.SessionNotCreatedException: session not created: This version of ChromeDriver only supports Chrome version 92
Current browser version is 94.0.4606.71 with binary path C:\Program Files\Google\Chrome\Application\chrome.exe
Build info: version: '3.141.59', revision: 'e82be7d358', time: '2018-11-14T08:17:03'
System info: host: 'LAPTOP-40EPTFGM', ip: '192.168.0.106', os.name: 'Windows 10', os.arch: 'amd64', os.version: '10.0', java.version: '1.8.0_281'
Driver info: driver.version: ChromeDriver
remote stacktrace: Backtrace:
Ordinal0 [0x00BB5843+2512963]
Ordinal0 [0x00B4EED1+2092753]
Ordinal0 [0x00A51F48+1056584]
Ordinal0 [0x00A701AA+1180074]
Ordinal0 [0x00A6C0C5+1163461]
Ordinal0 [0x00A6990F+1153295]
Ordinal0 [0x00A9994F+1349967]
Ordinal0 [0x00A995BA+1349050]
Ordinal0 [0x00A954BB+1332411]
Ordinal0 [0x00A71D14+1187092]
Ordinal0 [0x00A72B79+1190777]
GetHandleVerifier [0x00D30C56+1501718]
GetHandleVerifier [0x00DDE97F+2213695]
GetHandleVerifier [0x00C38C92+485970]
GetHandleVerifier [0x00C37D59+482073]
Ordinal0 [0x00B5471D+2115357]
Ordinal0 [0x00B58678+2131576]
Ordinal0 [0x00B587B2+2131890]
Ordinal0 [0x00B61971+2169201]
BaseThreadInitThunk [0x76FEFA29+25]
RtlGetAppContainerNamedObjectPath [0x777B7A9E+286]
RtlGetAppContainerNamedObjectPath [0x777B7A6E+238]

at sun.reflect.NativeConstructorAccessorImpl.newInstance0(Native Method)
at sun.reflect.NativeConstructorAccessorImpl.newInstance(NativeConstructorAccessorImpl.java:62)
at sun.reflect.DelegatingConstructorAccessorImpl.newInstance(DelegatingConstructorAccessorImpl.java:45)
at java.lang.reflect.Constructor.newInstance(Constructor.java:423)
at org.openqa.selenium.remote.W3CHandshakeResponse.lambda$errorHandler$0(W3CHandshakeResponse.java:62)
at org.openqa.selenium.remote.HandshakeResponse.lambda$getResponseFunction$0(HandshakeResponse.java:30)
at org.openqa.selenium.remote.ProtocolHandshake.lambda$createSession$0(ProtocolHandshake.java:126)
at java.util.stream.ReferencePipeline$3$1.accept(ReferencePipeline.java:193)
at java.util.Spliterators$ArraySpliterator.tryAdvance(Spliterators.java:958)
at java.util.stream.ReferencePipeline.forEachWithCancel(ReferencePipeline.java:126)
at java.util.stream.AbstractPipeline.copyIntoWithCancel(AbstractPipeline.java:499)
at java.util.stream.AbstractPipeline.copyInto(AbstractPipeline.java:486)
at java.util.stream.AbstractPipeline.wrapAndCopyInto(AbstractPipeline.java:472)
at java.util.stream.FindOps$FindOp.evaluateSequential(FindOps.java:152)
at java.util.stream.AbstractPipeline.evaluate(AbstractPipeline.java:234)
at java.util.stream.ReferencePipeline.findFirst(ReferencePipeline.java:464)
at org.openqa.selenium.remote.ProtocolHandshake.createSession(ProtocolHandshake.java:128)
at org.openqa.selenium.remote.ProtocolHandshake.createSession(ProtocolHandshake.java:74)
at org.openqa.selenium.remote.HttpCommandExecutor.execute(HttpCommandExecutor.java:136)
at org.openqa.selenium.remote.service.DriverCommandExecutor.execute(DriverCommandExecutor.java:83)
at org.openqa.selenium.remote.RemoteWebDriver.execute(RemoteWebDriver.java:552)
at org.openqa.selenium.remote.RemoteWebDriver.startSession(RemoteWebDriver.java:213)
at org.openqa.selenium.remote.RemoteWebDriver.<init>(RemoteWebDriver.java:131)
at org.openqa.selenium.chrome.ChromeDriver.<init>(ChromeDriver.java:181)
at org.openqa.selenium.chrome.ChromeDriver.<init>(ChromeDriver.java:168)
at org.openqa.selenium.chrome.ChromeDriver.<init>(ChromeDriver.java:123)
at resources.Base.initializeDriver(Base.java:32)
at Academy.E2EProject.HomePage.initializeBrow(HomePage.java:23)
at sun.reflect.NativeMethodAccessorImpl.invoke0(Native Method)
at sun.reflect.NativeMethodAccessorImpl.invoke(NativeMethodAccessorImpl.java:62)
at sun.reflect.DelegatingMethodAccessorImpl.invoke(DelegatingMethodAccessorImpl.java:43)
at java.lang.reflect.Method.invoke(Method.java:498)
at org.testng.internal.MethodInvocationHelper.invokeMethod(MethodInvocationHelper.java:133)
at org.testng.internal.MethodInvocationHelper.invokeMethodConsideringTimeout(MethodInvocationHelper.java:62)
at org.testng.internal.ConfigInvoker.invokeConfigurationMethod(ConfigInvoker.java:385)
at org.testng.internal.ConfigInvoker.invokeConfigurations(ConfigInvoker.java:321)
at org.testng.TestRunner.invokeTestConfigurations(TestRunner.java:637)
at org.testng.TestRunner.beforeRun(TestRunner.java:627)
at org.testng.TestRunner.run(TestRunner.java:589)
at org.testng.SuiteRunner.runTest(SuiteRunner.java:377)
at org.testng.SuiteRunner.access$000(SuiteRunner.java:28)
at org.testng.SuiteRunner$SuiteWorker.run(SuiteRunner.java:418)
at org.testng.internal.thread.ThreadUtil.lambda$execute$0(ThreadUtil.java:64)
at java.util.concurrent.FutureTask.run(FutureTask.java:266)
at java.util.concurrent.ThreadPoolExecutor.runWorker(ThreadPoolExecutor.java:1149)
at java.util.concurrent.ThreadPoolExecutor$Worker.run(ThreadPoolExecutor.java:624)
at java.lang.Thread.run(Thread.java:748)
]]>
            </full-stacktrace>
          </exception> <!-- org.openqa.selenium.SessionNotCreatedException -->
          <reporter-output>
          </reporter-output>
        </test-method> <!-- basePageNav -->
        <test-method status="SKIP" signature="teardown()[pri:0, instance:Academy.E2EProject.HomePage@1dde4cb2]" name="teardown" is-config="true" duration-ms="-1634381242317" started-at="2021-10-16T16:17:22 IST" finished-at="1970-01-01T05:30:00 IST">
          <reporter-output>
          </reporter-output>
        </test-method> <!-- teardown -->
      </class> <!-- Academy.E2EProject.HomePage -->
    </test> <!-- validate user login -->
  </suite> <!-- Suite -->
</testng-results>
