<?xml version="1.0" encoding="UTF-8"?>
<testsuite xmlns:xsi="http://www.w3.org/2001/XMLSchema-instance" xsi:noNamespaceSchemaLocation="https://maven.apache.org/surefire/maven-surefire-plugin/xsd/surefire-test-report-3.0.xsd" version="3.0" name="TestSuite" time="8.317" tests="1" errors="0" skipped="0" failures="1">
  <properties>
[...]
</properties>
  <testcase name="feature[Login to Application](1)" classname="cucumberOptions.TestRunner" time="7.073">
    <failure message="org.openqa.selenium.SessionNotCreatedException: session not created: This version of ChromeDriver only supports Chrome version 92&#10;Current browser version is 94.0.4606.71 with binary path C:\Program Files\Google\Chrome\Application\chrome.exe&#10;Build info: version: &apos;3.141.59&apos;, revision: &apos;e82be7d358&apos;, time: &apos;2018-11-14T08:17:03&apos;&#10;System info: host: &apos;LAPTOP-40EPTFGM&apos;, ip: &apos;192.168.0.106&apos;, os.name: &apos;Windows 10&apos;, os.arch: &apos;amd64&apos;, os.version: &apos;10.0&apos;, java.version: &apos;1.8.0_281&apos;&#10;Driver info: driver.version: ChromeDriver&#10;remote stacktrace: Backtrace:&#10;	Ordinal0 [0x00CA5843+2512963]&#10;	Ordinal0 [0x00C3EED1+2092753]&#10;	Ordinal0 [0x00B41F48+1056584]&#10;	Ordinal0 [0x00B601AA+1180074]&#10;	Ordinal0 [0x00B5C0C5+1163461]&#10;	Ordinal0 [0x00B5990F+1153295]&#10;	Ordinal0 [0x00B8994F+1349967]&#10;	Ordinal0 [0x00B895BA+1349050]&#10;	Ordinal0 [0x00B854BB+1332411]&#10;	Ordinal0 [0x00B61D14+1187092]&#10;	Ordinal0 [0x00B62B79+1190777]&#10;	GetHandleVerifier [0x00E20C56+1501718]&#10;	GetHandleVerifier [0x00ECE97F+2213695]&#10;	GetHandleVerifier [0x00D28C92+485970]&#10;	GetHandleVerifier [0x00D27D59+482073]&#10;	Ordinal0 [0x00C4471D+2115357]&#10;	Ordinal0 [0x00C48678+2131576]&#10;	Ordinal0 [0x00C487B2+2131890]&#10;	Ordinal0 [0x00C51971+2169201]&#10;	BaseThreadInitThunk [0x76FEFA29+25]&#10;	RtlGetAppContainerNamedObjectPath [0x777B7A9E+286]&#10;	RtlGetAppContainerNamedObjectPath [0x777B7A6E+238]&#10;" type="cucumber.runtime.CucumberException"><![CDATA[cucumber.runtime.CucumberException: 
org.openqa.selenium.SessionNotCreatedException: session not created: This version of ChromeDriver only supports Chrome version 92
Current browser version is 94.0.4606.71 with binary path C:\Program Files\Google\Chrome\Application\chrome.exe
Build info: version: '3.141.59', revision: 'e82be7d358', time: '2018-11-14T08:17:03'
System info: host: 'LAPTOP-40EPTFGM', ip: '192.168.0.106', os.name: 'Windows 10', os.arch: 'amd64', os.version: '10.0', java.version: '1.8.0_281'
Driver info: driver.version: ChromeDriver
remote stacktrace: Backtrace:
	Ordinal0 [0x00CA5843+2512963]
	Ordinal0 [0x00C3EED1+2092753]
	Ordinal0 [0x00B41F48+1056584]
	Ordinal0 [0x00B601AA+1180074]
	Ordinal0 [0x00B5C0C5+1163461]
	Ordinal0 [0x00B5990F+1153295]
	Ordinal0 [0x00B8994F+1349967]
	Ordinal0 [0x00B895BA+1349050]
	Ordinal0 [0x00B854BB+1332411]
	Ordinal0 [0x00B61D14+1187092]
	Ordinal0 [0x00B62B79+1190777]
	GetHandleVerifier [0x00E20C56+1501718]
	GetHandleVerifier [0x00ECE97F+2213695]
	GetHandleVerifier [0x00D28C92+485970]
	GetHandleVerifier [0x00D27D59+482073]
	Ordinal0 [0x00C4471D+2115357]
	Ordinal0 [0x00C48678+2131576]
	Ordinal0 [0x00C487B2+2131890]
	Ordinal0 [0x00C51971+2169201]
	BaseThreadInitThunk [0x76FEFA29+25]
	RtlGetAppContainerNamedObjectPath [0x777B7A9E+286]
	RtlGetAppContainerNamedObjectPath [0x777B7A6E+238]

Caused by: org.openqa.selenium.SessionNotCreatedException: 
session not created: This version of ChromeDriver only supports Chrome version 92
Current browser version is 94.0.4606.71 with binary path C:\Program Files\Google\Chrome\Application\chrome.exe
Build info: version: '3.141.59', revision: 'e82be7d358', time: '2018-11-14T08:17:03'
System info: host: 'LAPTOP-40EPTFGM', ip: '192.168.0.106', os.name: 'Windows 10', os.arch: 'amd64', os.version: '10.0', java.version: '1.8.0_281'
Driver info: driver.version: ChromeDriver
remote stacktrace: Backtrace:
	Ordinal0 [0x00CA5843+2512963]
	Ordinal0 [0x00C3EED1+2092753]
	Ordinal0 [0x00B41F48+1056584]
	Ordinal0 [0x00B601AA+1180074]
	Ordinal0 [0x00B5C0C5+1163461]
	Ordinal0 [0x00B5990F+1153295]
	Ordinal0 [0x00B8994F+1349967]
	Ordinal0 [0x00B895BA+1349050]
	Ordinal0 [0x00B854BB+1332411]
	Ordinal0 [0x00B61D14+1187092]
	Ordinal0 [0x00B62B79+1190777]
	GetHandleVerifier [0x00E20C56+1501718]
	GetHandleVerifier [0x00ECE97F+2213695]
	GetHandleVerifier [0x00D28C92+485970]
	GetHandleVerifier [0x00D27D59+482073]
	Ordinal0 [0x00C4471D+2115357]
	Ordinal0 [0x00C48678+2131576]
	Ordinal0 [0x00C487B2+2131890]
	Ordinal0 [0x00C51971+2169201]
	BaseThreadInitThunk [0x76FEFA29+25]
	RtlGetAppContainerNamedObjectPath [0x777B7A9E+286]
	RtlGetAppContainerNamedObjectPath [0x777B7A6E+238]

]]></failure>
    <system-out><![CDATA[chrome
chrome
]]></system-out>
    <system-err><![CDATA[Starting ChromeDriver 92.0.4515.43 (8c61b7e2989f2990d42f859cac71319137787cce-refs/branch-heads/4515@{#306}) on port 44739
Only local connections are allowed.
Please see https://chromedriver.chromium.org/security-considerations for suggestions on keeping ChromeDriver safe.
ChromeDriver was started successfully.
Starting ChromeDriver 92.0.4515.43 (8c61b7e2989f2990d42f859cac71319137787cce-refs/branch-heads/4515@{#306}) on port 6181
Only local connections are allowed.
Please see https://chromedriver.chromium.org/security-considerations for suggestions on keeping ChromeDriver safe.
ChromeDriver was started successfully.
]]></system-err>
  </testcase>
</testsuite>