<?xml version="1.0" encoding="UTF-8"?>
<testsuite xmlns:xsi="http://www.w3.org/2001/XMLSchema-instance" xsi:noNamespaceSchemaLocation="https://maven.apache.org/surefire/maven-surefire-plugin/xsd/surefire-test-report-3.0.xsd" version="3.0" name="TestSuite" time="6.319" tests="10" errors="0" skipped="7" failures="3">
  <properties>
[...]
</properties>
  <testcase name="initializeBrowser" classname="Academy.E2EProject.validateTopNavBar" time="6.122">
    <failure message="session not created: This version of ChromeDriver only supports Chrome version 92&#10;Current browser version is 94.0.4606.71 with binary path C:\Program Files\Google\Chrome\Application\chrome.exe&#10;Build info: version: &apos;3.141.59&apos;, revision: &apos;e82be7d358&apos;, time: &apos;2018-11-14T08:17:03&apos;&#10;System info: host: &apos;LAPTOP-40EPTFGM&apos;, ip: &apos;192.168.0.106&apos;, os.name: &apos;Windows 10&apos;, os.arch: &apos;amd64&apos;, os.version: &apos;10.0&apos;, java.version: &apos;1.8.0_281&apos;&#10;Driver info: driver.version: ChromeDriver&#10;remote stacktrace: Backtrace:&#10;	Ordinal0 [0x00BB5843+2512963]&#10;	Ordinal0 [0x00B4EED1+2092753]&#10;	Ordinal0 [0x00A51F48+1056584]&#10;	Ordinal0 [0x00A701AA+1180074]&#10;	Ordinal0 [0x00A6C0C5+1163461]&#10;	Ordinal0 [0x00A6990F+1153295]&#10;	Ordinal0 [0x00A9994F+1349967]&#10;	Ordinal0 [0x00A995BA+1349050]&#10;	Ordinal0 [0x00A954BB+1332411]&#10;	Ordinal0 [0x00A71D14+1187092]&#10;	Ordinal0 [0x00A72B79+1190777]&#10;	GetHandleVerifier [0x00D30C56+1501718]&#10;	GetHandleVerifier [0x00DDE97F+2213695]&#10;	GetHandleVerifier [0x00C38C92+485970]&#10;	GetHandleVerifier [0x00C37D59+482073]&#10;	Ordinal0 [0x00B5471D+2115357]&#10;	Ordinal0 [0x00B58678+2131576]&#10;	Ordinal0 [0x00B587B2+2131890]&#10;	Ordinal0 [0x00B61971+2169201]&#10;	BaseThreadInitThunk [0x76FEFA29+25]&#10;	RtlGetAppContainerNamedObjectPath [0x777B7A9E+286]&#10;	RtlGetAppContainerNamedObjectPath [0x777B7A6E+238]&#10;" type="org.openqa.selenium.SessionNotCreatedException"><![CDATA[org.openqa.selenium.SessionNotCreatedException: 
session not created: This version of ChromeDriver only supports Chrome version 92
Current browser version is 94.0.4606.71 with binary path C:\Program Files\Google\Chrome\Application\chrome.exe
Build info: version: '3.141.59', revision: 'e82be7d358', time: '2018-11-14T08:17:03'
System info: host: 'LAPTOP-40EPTFGM', ip: '192.168.0.106', os.name: 'Windows 10', os.arch: 'amd64', os.version: '10.0', java.version: '1.8.0_281'
Driver info: driver.version: ChromeDriver
remote stacktrace: Backtrace:
	Ordinal0 [0x00BB5843+2512963]
	Ordinal0 [0x00B4EED1+2092753]
	Ordinal0 [0x00A51F48+1056584]
	Ordinal0 [0x00A701AA+1180074]
	Ordinal0 [0x00A6C0C5+1163461]
	Ordinal0 [0x00A6990F+1153295]
	Ordinal0 [0x00A9994F+1349967]
	Ordinal0 [0x00A995BA+1349050]
	Ordinal0 [0x00A954BB+1332411]
	Ordinal0 [0x00A71D14+1187092]
	Ordinal0 [0x00A72B79+1190777]
	GetHandleVerifier [0x00D30C56+1501718]
	GetHandleVerifier [0x00DDE97F+2213695]
	GetHandleVerifier [0x00C38C92+485970]
	GetHandleVerifier [0x00C37D59+482073]
	Ordinal0 [0x00B5471D+2115357]
	Ordinal0 [0x00B58678+2131576]
	Ordinal0 [0x00B587B2+2131890]
	Ordinal0 [0x00B61971+2169201]
	BaseThreadInitThunk [0x76FEFA29+25]
	RtlGetAppContainerNamedObjectPath [0x777B7A9E+286]
	RtlGetAppContainerNamedObjectPath [0x777B7A6E+238]

	at Academy.E2EProject.validateTopNavBar.initializeBrowser(validateTopNavBar.java:27)
]]></failure>
    <system-out><![CDATA[chrome
chrome
chrome
]]></system-out>
    <system-err><![CDATA[ERROR StatusLogger No log4j2 configuration file found. Using default configuration: logging only errors to the console.
SSStttaaarrrtttiiinnggn  gCC hhCrrohomrmeoeDmDrreiiDvrveeirvr  e9r92 2.9.020...4045.5114555.4.1345 3.(84 c3(6 81cb(768ec1269b8179bef722e99298909d894ff222f998995009dc4da24cf2781f538915c99acc1a7317c378711793c11c39e71-7r38e77fc7sc8/e7b-crrceaefn-sc/rbherfasnc-/hhb-rehaeanacddhss-/h4/e54a15d5s1@/{45#5@3105{6@#}{3)#0 30o66})} )no n o npp ooprrotrt t  431887655877921


OOOnnnlllyyy   lllooocccaaall l c coconnnoennecncteticitoonins onsasr  eaa rrael elal olaowwleelddo..we

dPP.llee
aaPssle ees easees e eh htstettpeps s:/h:/t/cht/rocpmehsd:rrio/vm/erce.cdhhrrromioiummev.doerrirgve./rcs.echchrurormoiimutimyu.-mo.cororgng/s/siseedcceuurrriatityi-otcnyos-n csfooinrds eirsdauteigrognaset siftooinro nsssu  gogfneo srk tesieopunigsng go enCs htkrieeoopnmiesnD gro inCvh erkreo emspeaDifner.gi vC
erh rsoamfeeD.riv
er safe.
CCChhhrrrooommmeeDDerrDiivrveerr  wiwavasse  rss ttwaaarrstt esedtd sa urtscecuedcs csesfuuslsclfycu.lel
sy.s
fully.
]]></system-err>
  </testcase>
  <testcase name="valTopNavBar" classname="Academy.E2EProject.validateTopNavBar" time="0">
    <skipped message="session not created: This version of ChromeDriver only supports Chrome version 92&#10;Current browser version is 94.0.4606.71 with binary path C:\Program Files\Google\Chrome\Application\chrome.exe&#10;Build info: version: &apos;3.141.59&apos;, revision: &apos;e82be7d358&apos;, time: &apos;2018-11-14T08:17:03&apos;&#10;System info: host: &apos;LAPTOP-40EPTFGM&apos;, ip: &apos;192.168.0.106&apos;, os.name: &apos;Windows 10&apos;, os.arch: &apos;amd64&apos;, os.version: &apos;10.0&apos;, java.version: &apos;1.8.0_281&apos;&#10;Driver info: driver.version: ChromeDriver&#10;remote stacktrace: Backtrace:&#10;	Ordinal0 [0x00BB5843+2512963]&#10;	Ordinal0 [0x00B4EED1+2092753]&#10;	Ordinal0 [0x00A51F48+1056584]&#10;	Ordinal0 [0x00A701AA+1180074]&#10;	Ordinal0 [0x00A6C0C5+1163461]&#10;	Ordinal0 [0x00A6990F+1153295]&#10;	Ordinal0 [0x00A9994F+1349967]&#10;	Ordinal0 [0x00A995BA+1349050]&#10;	Ordinal0 [0x00A954BB+1332411]&#10;	Ordinal0 [0x00A71D14+1187092]&#10;	Ordinal0 [0x00A72B79+1190777]&#10;	GetHandleVerifier [0x00D30C56+1501718]&#10;	GetHandleVerifier [0x00DDE97F+2213695]&#10;	GetHandleVerifier [0x00C38C92+485970]&#10;	GetHandleVerifier [0x00C37D59+482073]&#10;	Ordinal0 [0x00B5471D+2115357]&#10;	Ordinal0 [0x00B58678+2131576]&#10;	Ordinal0 [0x00B587B2+2131890]&#10;	Ordinal0 [0x00B61971+2169201]&#10;	BaseThreadInitThunk [0x76FEFA29+25]&#10;	RtlGetAppContainerNamedObjectPath [0x777B7A9E+286]&#10;	RtlGetAppContainerNamedObjectPath [0x777B7A6E+238]&#10;"/>
  </testcase>
  <testcase name="teardown" classname="Academy.E2EProject.validateTopNavBar" time="0">
    <skipped/>
  </testcase>
  <testcase name="initializeBrow" classname="Academy.E2EProject.HomePage" time="0.053">
    <failure message="session not created: This version of ChromeDriver only supports Chrome version 92&#10;Current browser version is 94.0.4606.71 with binary path C:\Program Files\Google\Chrome\Application\chrome.exe&#10;Build info: version: &apos;3.141.59&apos;, revision: &apos;e82be7d358&apos;, time: &apos;2018-11-14T08:17:03&apos;&#10;System info: host: &apos;LAPTOP-40EPTFGM&apos;, ip: &apos;192.168.0.106&apos;, os.name: &apos;Windows 10&apos;, os.arch: &apos;amd64&apos;, os.version: &apos;10.0&apos;, java.version: &apos;1.8.0_281&apos;&#10;Driver info: driver.version: ChromeDriver&#10;remote stacktrace: Backtrace:&#10;	Ordinal0 [0x00BB5843+2512963]&#10;	Ordinal0 [0x00B4EED1+2092753]&#10;	Ordinal0 [0x00A51F48+1056584]&#10;	Ordinal0 [0x00A701AA+1180074]&#10;	Ordinal0 [0x00A6C0C5+1163461]&#10;	Ordinal0 [0x00A6990F+1153295]&#10;	Ordinal0 [0x00A9994F+1349967]&#10;	Ordinal0 [0x00A995BA+1349050]&#10;	Ordinal0 [0x00A954BB+1332411]&#10;	Ordinal0 [0x00A71D14+1187092]&#10;	Ordinal0 [0x00A72B79+1190777]&#10;	GetHandleVerifier [0x00D30C56+1501718]&#10;	GetHandleVerifier [0x00DDE97F+2213695]&#10;	GetHandleVerifier [0x00C38C92+485970]&#10;	GetHandleVerifier [0x00C37D59+482073]&#10;	Ordinal0 [0x00B5471D+2115357]&#10;	Ordinal0 [0x00B58678+2131576]&#10;	Ordinal0 [0x00B587B2+2131890]&#10;	Ordinal0 [0x00B61971+2169201]&#10;	BaseThreadInitThunk [0x76FEFA29+25]&#10;	RtlGetAppContainerNamedObjectPath [0x777B7A9E+286]&#10;	RtlGetAppContainerNamedObjectPath [0x777B7A6E+238]&#10;" type="org.openqa.selenium.SessionNotCreatedException"><![CDATA[org.openqa.selenium.SessionNotCreatedException: 
session not created: This version of ChromeDriver only supports Chrome version 92
Current browser version is 94.0.4606.71 with binary path C:\Program Files\Google\Chrome\Application\chrome.exe
Build info: version: '3.141.59', revision: 'e82be7d358', time: '2018-11-14T08:17:03'
System info: host: 'LAPTOP-40EPTFGM', ip: '192.168.0.106', os.name: 'Windows 10', os.arch: 'amd64', os.version: '10.0', java.version: '1.8.0_281'
Driver info: driver.version: ChromeDriver
remote stacktrace: Backtrace:
	Ordinal0 [0x00BB5843+2512963]
	Ordinal0 [0x00B4EED1+2092753]
	Ordinal0 [0x00A51F48+1056584]
	Ordinal0 [0x00A701AA+1180074]
	Ordinal0 [0x00A6C0C5+1163461]
	Ordinal0 [0x00A6990F+1153295]
	Ordinal0 [0x00A9994F+1349967]
	Ordinal0 [0x00A995BA+1349050]
	Ordinal0 [0x00A954BB+1332411]
	Ordinal0 [0x00A71D14+1187092]
	Ordinal0 [0x00A72B79+1190777]
	GetHandleVerifier [0x00D30C56+1501718]
	GetHandleVerifier [0x00DDE97F+2213695]
	GetHandleVerifier [0x00C38C92+485970]
	GetHandleVerifier [0x00C37D59+482073]
	Ordinal0 [0x00B5471D+2115357]
	Ordinal0 [0x00B58678+2131576]
	Ordinal0 [0x00B587B2+2131890]
	Ordinal0 [0x00B61971+2169201]
	BaseThreadInitThunk [0x76FEFA29+25]
	RtlGetAppContainerNamedObjectPath [0x777B7A9E+286]
	RtlGetAppContainerNamedObjectPath [0x777B7A6E+238]

	at Academy.E2EProject.HomePage.initializeBrow(HomePage.java:23)
]]></failure>
  </testcase>
  <testcase name="basePageNav[nonrestricteduser@qa.com, 1234567, Restricted user](1)" classname="Academy.E2EProject.HomePage" time="0">
    <skipped message="session not created: This version of ChromeDriver only supports Chrome version 92&#10;Current browser version is 94.0.4606.71 with binary path C:\Program Files\Google\Chrome\Application\chrome.exe&#10;Build info: version: &apos;3.141.59&apos;, revision: &apos;e82be7d358&apos;, time: &apos;2018-11-14T08:17:03&apos;&#10;System info: host: &apos;LAPTOP-40EPTFGM&apos;, ip: &apos;192.168.0.106&apos;, os.name: &apos;Windows 10&apos;, os.arch: &apos;amd64&apos;, os.version: &apos;10.0&apos;, java.version: &apos;1.8.0_281&apos;&#10;Driver info: driver.version: ChromeDriver&#10;remote stacktrace: Backtrace:&#10;	Ordinal0 [0x00BB5843+2512963]&#10;	Ordinal0 [0x00B4EED1+2092753]&#10;	Ordinal0 [0x00A51F48+1056584]&#10;	Ordinal0 [0x00A701AA+1180074]&#10;	Ordinal0 [0x00A6C0C5+1163461]&#10;	Ordinal0 [0x00A6990F+1153295]&#10;	Ordinal0 [0x00A9994F+1349967]&#10;	Ordinal0 [0x00A995BA+1349050]&#10;	Ordinal0 [0x00A954BB+1332411]&#10;	Ordinal0 [0x00A71D14+1187092]&#10;	Ordinal0 [0x00A72B79+1190777]&#10;	GetHandleVerifier [0x00D30C56+1501718]&#10;	GetHandleVerifier [0x00DDE97F+2213695]&#10;	GetHandleVerifier [0x00C38C92+485970]&#10;	GetHandleVerifier [0x00C37D59+482073]&#10;	Ordinal0 [0x00B5471D+2115357]&#10;	Ordinal0 [0x00B58678+2131576]&#10;	Ordinal0 [0x00B587B2+2131890]&#10;	Ordinal0 [0x00B61971+2169201]&#10;	BaseThreadInitThunk [0x76FEFA29+25]&#10;	RtlGetAppContainerNamedObjectPath [0x777B7A9E+286]&#10;	RtlGetAppContainerNamedObjectPath [0x777B7A6E+238]&#10;"/>
  </testcase>
  <testcase name="basePageNav[restricteduser@qa.com, 3456789, Non Restricted user](2)" classname="Academy.E2EProject.HomePage" time="0">
    <skipped message="session not created: This version of ChromeDriver only supports Chrome version 92&#10;Current browser version is 94.0.4606.71 with binary path C:\Program Files\Google\Chrome\Application\chrome.exe&#10;Build info: version: &apos;3.141.59&apos;, revision: &apos;e82be7d358&apos;, time: &apos;2018-11-14T08:17:03&apos;&#10;System info: host: &apos;LAPTOP-40EPTFGM&apos;, ip: &apos;192.168.0.106&apos;, os.name: &apos;Windows 10&apos;, os.arch: &apos;amd64&apos;, os.version: &apos;10.0&apos;, java.version: &apos;1.8.0_281&apos;&#10;Driver info: driver.version: ChromeDriver&#10;remote stacktrace: Backtrace:&#10;	Ordinal0 [0x00BB5843+2512963]&#10;	Ordinal0 [0x00B4EED1+2092753]&#10;	Ordinal0 [0x00A51F48+1056584]&#10;	Ordinal0 [0x00A701AA+1180074]&#10;	Ordinal0 [0x00A6C0C5+1163461]&#10;	Ordinal0 [0x00A6990F+1153295]&#10;	Ordinal0 [0x00A9994F+1349967]&#10;	Ordinal0 [0x00A995BA+1349050]&#10;	Ordinal0 [0x00A954BB+1332411]&#10;	Ordinal0 [0x00A71D14+1187092]&#10;	Ordinal0 [0x00A72B79+1190777]&#10;	GetHandleVerifier [0x00D30C56+1501718]&#10;	GetHandleVerifier [0x00DDE97F+2213695]&#10;	GetHandleVerifier [0x00C38C92+485970]&#10;	GetHandleVerifier [0x00C37D59+482073]&#10;	Ordinal0 [0x00B5471D+2115357]&#10;	Ordinal0 [0x00B58678+2131576]&#10;	Ordinal0 [0x00B587B2+2131890]&#10;	Ordinal0 [0x00B61971+2169201]&#10;	BaseThreadInitThunk [0x76FEFA29+25]&#10;	RtlGetAppContainerNamedObjectPath [0x777B7A9E+286]&#10;	RtlGetAppContainerNamedObjectPath [0x777B7A6E+238]&#10;"/>
  </testcase>
  <testcase name="teardown" classname="Academy.E2EProject.HomePage" time="0">
    <skipped/>
  </testcase>
  <testcase name="initializeBrowser" classname="Academy.E2EProject.validatePageTitle" time="0.054">
    <failure message="session not created: This version of ChromeDriver only supports Chrome version 92&#10;Current browser version is 94.0.4606.71 with binary path C:\Program Files\Google\Chrome\Application\chrome.exe&#10;Build info: version: &apos;3.141.59&apos;, revision: &apos;e82be7d358&apos;, time: &apos;2018-11-14T08:17:03&apos;&#10;System info: host: &apos;LAPTOP-40EPTFGM&apos;, ip: &apos;192.168.0.106&apos;, os.name: &apos;Windows 10&apos;, os.arch: &apos;amd64&apos;, os.version: &apos;10.0&apos;, java.version: &apos;1.8.0_281&apos;&#10;Driver info: driver.version: ChromeDriver&#10;remote stacktrace: Backtrace:&#10;	Ordinal0 [0x00BB5843+2512963]&#10;	Ordinal0 [0x00B4EED1+2092753]&#10;	Ordinal0 [0x00A51F48+1056584]&#10;	Ordinal0 [0x00A701AA+1180074]&#10;	Ordinal0 [0x00A6C0C5+1163461]&#10;	Ordinal0 [0x00A6990F+1153295]&#10;	Ordinal0 [0x00A9994F+1349967]&#10;	Ordinal0 [0x00A995BA+1349050]&#10;	Ordinal0 [0x00A954BB+1332411]&#10;	Ordinal0 [0x00A71D14+1187092]&#10;	Ordinal0 [0x00A72B79+1190777]&#10;	GetHandleVerifier [0x00D30C56+1501718]&#10;	GetHandleVerifier [0x00DDE97F+2213695]&#10;	GetHandleVerifier [0x00C38C92+485970]&#10;	GetHandleVerifier [0x00C37D59+482073]&#10;	Ordinal0 [0x00B5471D+2115357]&#10;	Ordinal0 [0x00B58678+2131576]&#10;	Ordinal0 [0x00B587B2+2131890]&#10;	Ordinal0 [0x00B61971+2169201]&#10;	BaseThreadInitThunk [0x76FEFA29+25]&#10;	RtlGetAppContainerNamedObjectPath [0x777B7A9E+286]&#10;	RtlGetAppContainerNamedObjectPath [0x777B7A6E+238]&#10;" type="org.openqa.selenium.SessionNotCreatedException"><![CDATA[org.openqa.selenium.SessionNotCreatedException: 
session not created: This version of ChromeDriver only supports Chrome version 92
Current browser version is 94.0.4606.71 with binary path C:\Program Files\Google\Chrome\Application\chrome.exe
Build info: version: '3.141.59', revision: 'e82be7d358', time: '2018-11-14T08:17:03'
System info: host: 'LAPTOP-40EPTFGM', ip: '192.168.0.106', os.name: 'Windows 10', os.arch: 'amd64', os.version: '10.0', java.version: '1.8.0_281'
Driver info: driver.version: ChromeDriver
remote stacktrace: Backtrace:
	Ordinal0 [0x00BB5843+2512963]
	Ordinal0 [0x00B4EED1+2092753]
	Ordinal0 [0x00A51F48+1056584]
	Ordinal0 [0x00A701AA+1180074]
	Ordinal0 [0x00A6C0C5+1163461]
	Ordinal0 [0x00A6990F+1153295]
	Ordinal0 [0x00A9994F+1349967]
	Ordinal0 [0x00A995BA+1349050]
	Ordinal0 [0x00A954BB+1332411]
	Ordinal0 [0x00A71D14+1187092]
	Ordinal0 [0x00A72B79+1190777]
	GetHandleVerifier [0x00D30C56+1501718]
	GetHandleVerifier [0x00DDE97F+2213695]
	GetHandleVerifier [0x00C38C92+485970]
	GetHandleVerifier [0x00C37D59+482073]
	Ordinal0 [0x00B5471D+2115357]
	Ordinal0 [0x00B58678+2131576]
	Ordinal0 [0x00B587B2+2131890]
	Ordinal0 [0x00B61971+2169201]
	BaseThreadInitThunk [0x76FEFA29+25]
	RtlGetAppContainerNamedObjectPath [0x777B7A9E+286]
	RtlGetAppContainerNamedObjectPath [0x777B7A6E+238]

	at Academy.E2EProject.validatePageTitle.initializeBrowser(validatePageTitle.java:26)
]]></failure>
  </testcase>
  <testcase name="valSectitle" classname="Academy.E2EProject.validatePageTitle" time="0">
    <skipped message="session not created: This version of ChromeDriver only supports Chrome version 92&#10;Current browser version is 94.0.4606.71 with binary path C:\Program Files\Google\Chrome\Application\chrome.exe&#10;Build info: version: &apos;3.141.59&apos;, revision: &apos;e82be7d358&apos;, time: &apos;2018-11-14T08:17:03&apos;&#10;System info: host: &apos;LAPTOP-40EPTFGM&apos;, ip: &apos;192.168.0.106&apos;, os.name: &apos;Windows 10&apos;, os.arch: &apos;amd64&apos;, os.version: &apos;10.0&apos;, java.version: &apos;1.8.0_281&apos;&#10;Driver info: driver.version: ChromeDriver&#10;remote stacktrace: Backtrace:&#10;	Ordinal0 [0x00BB5843+2512963]&#10;	Ordinal0 [0x00B4EED1+2092753]&#10;	Ordinal0 [0x00A51F48+1056584]&#10;	Ordinal0 [0x00A701AA+1180074]&#10;	Ordinal0 [0x00A6C0C5+1163461]&#10;	Ordinal0 [0x00A6990F+1153295]&#10;	Ordinal0 [0x00A9994F+1349967]&#10;	Ordinal0 [0x00A995BA+1349050]&#10;	Ordinal0 [0x00A954BB+1332411]&#10;	Ordinal0 [0x00A71D14+1187092]&#10;	Ordinal0 [0x00A72B79+1190777]&#10;	GetHandleVerifier [0x00D30C56+1501718]&#10;	GetHandleVerifier [0x00DDE97F+2213695]&#10;	GetHandleVerifier [0x00C38C92+485970]&#10;	GetHandleVerifier [0x00C37D59+482073]&#10;	Ordinal0 [0x00B5471D+2115357]&#10;	Ordinal0 [0x00B58678+2131576]&#10;	Ordinal0 [0x00B587B2+2131890]&#10;	Ordinal0 [0x00B61971+2169201]&#10;	BaseThreadInitThunk [0x76FEFA29+25]&#10;	RtlGetAppContainerNamedObjectPath [0x777B7A9E+286]&#10;	RtlGetAppContainerNamedObjectPath [0x777B7A6E+238]&#10;"/>
  </testcase>
  <testcase name="teardown" classname="Academy.E2EProject.validatePageTitle" time="0">
    <skipped/>
  </testcase>
</testsuite>