<?xml version="1.0" encoding="UTF-8"?>
<testng-results skipped="0" failed="0" ignored="0" total="4" passed="4">
  <reporter-output>
  </reporter-output>
  <suite name="Suite" duration-ms="66230" started-at="2021-08-08T22:37:03 IST" finished-at="2021-08-08T22:38:10 IST">
    <groups>
    </groups>
    <test name="validate page title" duration-ms="63932" started-at="2021-08-08T22:37:03 IST" finished-at="2021-08-08T22:38:07 IST">
      <class name="Academy.E2EProject.validatePageTitle">
        <test-method status="PASS" signature="initializeBrowser()[pri:0, instance:Academy.E2EProject.validatePageTitle@694abbdc]" name="initializeBrowser" is-config="true" duration-ms="63123" started-at="2021-08-08T22:37:03 IST" finished-at="2021-08-08T22:38:06 IST">
          <reporter-output>
          </reporter-output>
        </test-method> <!-- initializeBrowser -->
        <test-method status="PASS" signature="valSectitle()[pri:0, instance:Academy.E2EProject.validatePageTitle@694abbdc]" name="valSectitle" duration-ms="83" started-at="2021-08-08T22:38:06 IST" finished-at="2021-08-08T22:38:07 IST">
          <reporter-output>
          </reporter-output>
        </test-method> <!-- valSectitle -->
        <test-method status="PASS" signature="teardown()[pri:0, instance:Academy.E2EProject.validatePageTitle@694abbdc]" name="teardown" is-config="true" duration-ms="700" started-at="2021-08-08T22:38:07 IST" finished-at="2021-08-08T22:38:07 IST">
          <reporter-output>
          </reporter-output>
        </test-method> <!-- teardown -->
      </class> <!-- Academy.E2EProject.validatePageTitle -->
    </test> <!-- validate page title -->
    <test name="validate user login" duration-ms="65607" started-at="2021-08-08T22:37:03 IST" finished-at="2021-08-08T22:38:09 IST">
      <class name="Academy.E2EProject.HomePage">
        <test-method status="PASS" signature="initializeBrow()[pri:0, instance:Academy.E2EProject.HomePage@20deea7f]" name="initializeBrow" is-config="true" duration-ms="5205" started-at="2021-08-08T22:37:03 IST" finished-at="2021-08-08T22:37:09 IST">
          <reporter-output>
          </reporter-output>
        </test-method> <!-- initializeBrow -->
        <test-method status="PASS" signature="basePageNav(java.lang.String,java.lang.String,java.lang.String)[pri:0, instance:Academy.E2EProject.HomePage@20deea7f]" name="basePageNav" duration-ms="54095" started-at="2021-08-08T22:37:09 IST" data-provider="getData" finished-at="2021-08-08T22:38:03 IST">
          <params>
            <param index="0">
              <value>
                <![CDATA[nonrestricteduser@qa.com]]>
              </value>
            </param>
            <param index="1">
              <value>
                <![CDATA[1234567]]>
              </value>
            </param>
            <param index="2">
              <value>
                <![CDATA[Restricted user]]>
              </value>
            </param>
          </params>
          <reporter-output>
          </reporter-output>
        </test-method> <!-- basePageNav -->
        <test-method status="PASS" signature="basePageNav(java.lang.String,java.lang.String,java.lang.String)[pri:0, instance:Academy.E2EProject.HomePage@20deea7f]" name="basePageNav" duration-ms="5589" started-at="2021-08-08T22:38:03 IST" data-provider="getData" finished-at="2021-08-08T22:38:08 IST">
          <params>
            <param index="0">
              <value>
                <![CDATA[restricteduser@qa.com]]>
              </value>
            </param>
            <param index="1">
              <value>
                <![CDATA[3456789]]>
              </value>
            </param>
            <param index="2">
              <value>
                <![CDATA[Non Restricted user]]>
              </value>
            </param>
          </params>
          <reporter-output>
          </reporter-output>
        </test-method> <!-- basePageNav -->
        <test-method status="PASS" signature="teardown()[pri:0, instance:Academy.E2EProject.HomePage@20deea7f]" name="teardown" is-config="true" duration-ms="648" started-at="2021-08-08T22:38:08 IST" finished-at="2021-08-08T22:38:09 IST">
          <reporter-output>
          </reporter-output>
        </test-method> <!-- teardown -->
      </class> <!-- Academy.E2EProject.HomePage -->
    </test> <!-- validate user login -->
    <test name="validate top Nav bar" duration-ms="66230" started-at="2021-08-08T22:37:03 IST" finished-at="2021-08-08T22:38:10 IST">
      <class name="Academy.E2EProject.validateTopNavBar">
        <test-method status="PASS" signature="initializeBrowser()[pri:0, instance:Academy.E2EProject.validateTopNavBar@4f18837a]" name="initializeBrowser" is-config="true" duration-ms="65408" started-at="2021-08-08T22:37:03 IST" finished-at="2021-08-08T22:38:09 IST">
          <reporter-output>
          </reporter-output>
        </test-method> <!-- initializeBrowser -->
        <test-method status="PASS" signature="valTopNavBar()[pri:0, instance:Academy.E2EProject.validateTopNavBar@4f18837a]" name="valTopNavBar" duration-ms="131" started-at="2021-08-08T22:38:09 IST" finished-at="2021-08-08T22:38:09 IST">
          <reporter-output>
          </reporter-output>
        </test-method> <!-- valTopNavBar -->
        <test-method status="PASS" signature="teardown()[pri:0, instance:Academy.E2EProject.validateTopNavBar@4f18837a]" name="teardown" is-config="true" duration-ms="671" started-at="2021-08-08T22:38:09 IST" finished-at="2021-08-08T22:38:10 IST">
          <reporter-output>
          </reporter-output>
        </test-method> <!-- teardown -->
      </class> <!-- Academy.E2EProject.validateTopNavBar -->
    </test> <!-- validate top Nav bar -->
  </suite> <!-- Suite -->
</testng-results>
