<?xml version="1.0" encoding="UTF-8"?>
<testng-results skipped="0" failed="0" ignored="0" total="1" passed="1">
  <reporter-output>
  </reporter-output>
  <suite name="Suite" duration-ms="20608" started-at="2021-09-08T11:14:58 IST" finished-at="2021-09-08T11:15:19 IST">
    <groups>
      <group name="cucumber">
        <method signature="AbstractTestNGCucumberTests.feature(cucumber.api.testng.CucumberFeatureWrapper)[pri:0, instance:cucumberOptions.TestRunner@4bbfb90a]" name="feature" class="cucumber.api.testng.AbstractTestNGCucumberTests"/>
      </group> <!-- cucumber -->
    </groups>
    <test name="Validating user login" duration-ms="20608" started-at="2021-09-08T11:14:58 IST" finished-at="2021-09-08T11:15:19 IST">
      <class name="cucumberOptions.TestRunner">
        <test-method status="PASS" signature="setUpClass()[pri:0, instance:cucumberOptions.TestRunner@4bbfb90a]" name="setUpClass" is-config="true" duration-ms="190" started-at="2021-09-08T11:14:58 IST" finished-at="2021-09-08T11:14:58 IST">
          <reporter-output>
          </reporter-output>
        </test-method> <!-- setUpClass -->
        <test-method status="PASS" signature="feature(cucumber.api.testng.CucumberFeatureWrapper)[pri:0, instance:cucumberOptions.TestRunner@4bbfb90a]" name="feature" duration-ms="20321" started-at="2021-09-08T11:14:58 IST" description="Runs Cucumber Feature" data-provider="features" finished-at="2021-09-08T11:15:19 IST">
          <params>
            <param index="0">
              <value>
                <![CDATA[Login to Application]]>
              </value>
            </param>
          </params>
          <reporter-output>
          </reporter-output>
        </test-method> <!-- feature -->
        <test-method status="PASS" signature="tearDownClass()[pri:0, instance:cucumberOptions.TestRunner@4bbfb90a]" name="tearDownClass" is-config="true" duration-ms="7" started-at="2021-09-08T11:15:19 IST" finished-at="2021-09-08T11:15:19 IST">
          <reporter-output>
          </reporter-output>
        </test-method> <!-- tearDownClass -->
      </class> <!-- cucumberOptions.TestRunner -->
    </test> <!-- Validating user login -->
  </suite> <!-- Suite -->
</testng-results>
