<?xml version="1.0" encoding="UTF-8"?>
<testng-results ignored="0" total="1" passed="1" failed="0" skipped="0">
  <reporter-output>
  </reporter-output>
  <suite started-at="2021-09-08T11:10:04 IST" name="Suite" finished-at="2021-09-08T11:10:26 IST" duration-ms="21819">
    <groups>
      <group name="cucumber">
        <method signature="AbstractTestNGCucumberTests.feature(cucumber.api.testng.CucumberFeatureWrapper)[pri:0, instance:cucumberOptions.TestRunner@6cd28fa7]" name="feature" class="cucumber.api.testng.AbstractTestNGCucumberTests"/>
      </group> <!-- cucumber -->
    </groups>
    <test started-at="2021-09-08T11:10:04 IST" name="Validating user login" finished-at="2021-09-08T11:10:26 IST" duration-ms="21819">
      <class name="cucumberOptions.TestRunner">
        <test-method is-config="true" signature="setUpClass()[pri:0, instance:cucumberOptions.TestRunner@6cd28fa7]" started-at="2021-09-08T11:10:04 IST" name="setUpClass" finished-at="2021-09-08T11:10:05 IST" duration-ms="230" status="PASS">
          <reporter-output>
          </reporter-output>
        </test-method> <!-- setUpClass -->
        <test-method signature="feature(cucumber.api.testng.CucumberFeatureWrapper)[pri:0, instance:cucumberOptions.TestRunner@6cd28fa7]" started-at="2021-09-08T11:10:05 IST" name="feature" description="Runs Cucumber Feature" data-provider="features" finished-at="2021-09-08T11:10:26 IST" duration-ms="21474" status="PASS">
          <params>
            <param index="0">
              <value>
                <![CDATA[Login to Application]]>
              </value>
            </param>
          </params>
          <reporter-output>
          </reporter-output>
        </test-method> <!-- feature -->
        <test-method is-config="true" signature="tearDownClass()[pri:0, instance:cucumberOptions.TestRunner@6cd28fa7]" started-at="2021-09-08T11:10:26 IST" name="tearDownClass" finished-at="2021-09-08T11:10:26 IST" duration-ms="7" status="PASS">
          <reporter-output>
          </reporter-output>
        </test-method> <!-- tearDownClass -->
      </class> <!-- cucumberOptions.TestRunner -->
    </test> <!-- Validating user login -->
  </suite> <!-- Suite -->
</testng-results>
