<?xml version="1.0" encoding="UTF-8"?>
<testng-results ignored="0" total="2" passed="2" failed="0" skipped="0">
  <reporter-output>
  </reporter-output>
  <suite started-at="2021-08-08T16:00:07 IST" name="Default suite" finished-at="2021-08-08T16:00:29 IST" duration-ms="21789">
    <groups>
    </groups>
    <test started-at="2021-08-08T16:00:07 IST" name="Default test" finished-at="2021-08-08T16:00:29 IST" duration-ms="21789">
      <class name="Academy.E2EProject.HomePage">
        <test-method is-config="true" signature="initializeBrow()[pri:0, instance:Academy.E2EProject.HomePage@71def8f8]" started-at="2021-08-08T16:00:07 IST" name="initializeBrow" finished-at="2021-08-08T16:00:09 IST" duration-ms="1895" status="PASS">
          <reporter-output>
          </reporter-output>
        </test-method> <!-- initializeBrow -->
        <test-method signature="basePageNav(java.lang.String,java.lang.String,java.lang.String)[pri:0, instance:Academy.E2EProject.HomePage@71def8f8]" started-at="2021-08-08T16:00:09 IST" name="basePageNav" data-provider="getData" finished-at="2021-08-08T16:00:26 IST" duration-ms="16397" status="PASS">
          <params>
            <param index="0">
              <value>
                <![CDATA[nonrestricteduser@qa.com]]>
              </value>
            </param>
            <param index="1">
              <value>
                <![CDATA[1234567]]>
              </value>
            </param>
            <param index="2">
              <value>
                <![CDATA[Restricted user]]>
              </value>
            </param>
          </params>
          <reporter-output>
          </reporter-output>
        </test-method> <!-- basePageNav -->
        <test-method signature="basePageNav(java.lang.String,java.lang.String,java.lang.String)[pri:0, instance:Academy.E2EProject.HomePage@71def8f8]" started-at="2021-08-08T16:00:26 IST" name="basePageNav" data-provider="getData" finished-at="2021-08-08T16:00:28 IST" duration-ms="2771" status="PASS">
          <params>
            <param index="0">
              <value>
                <![CDATA[restricteduser@qa.com]]>
              </value>
            </param>
            <param index="1">
              <value>
                <![CDATA[3456789]]>
              </value>
            </param>
            <param index="2">
              <value>
                <![CDATA[Non Restricted user]]>
              </value>
            </param>
          </params>
          <reporter-output>
          </reporter-output>
        </test-method> <!-- basePageNav -->
        <test-method is-config="true" signature="teardown()[pri:0, instance:Academy.E2EProject.HomePage@71def8f8]" started-at="2021-08-08T16:00:28 IST" name="teardown" finished-at="2021-08-08T16:00:29 IST" duration-ms="669" status="PASS">
          <reporter-output>
          </reporter-output>
        </test-method> <!-- teardown -->
      </class> <!-- Academy.E2EProject.HomePage -->
    </test> <!-- Default test -->
  </suite> <!-- Default suite -->
</testng-results>
